#-----------------------------------------------------------
# Vivado v2020.1 (64-bit)
# SW Build 2902540 on Wed May 27 19:54:49 MDT 2020
# IP Build 2902112 on Wed May 27 22:43:36 MDT 2020
# Start of session at: Sun Dec 12 00:43:07 2021
# Process ID: 11072
# Current directory: C:/Users/jazze/Desktop/my/THEREALGAME_2
# Command line: vivado.exe -gui_launcher_event rodinguilauncherevent7956 C:\Users\jazze\Desktop\my\THEREALGAME_2\THEREALGAME.xpr
# Log file: C:/Users/jazze/Desktop/my/THEREALGAME_2/vivado.log
# Journal file: C:/Users/jazze/Desktop/my/THEREALGAME_2\vivado.jou
#-----------------------------------------------------------
start_gui
open_project C:/Users/jazze/Desktop/my/THEREALGAME_2/THEREALGAME.xpr
Scanning sources...
Finished scanning sources
INFO: [IP_Flow 19-234] Refreshing IP repositories
INFO: [IP_Flow 19-1704] No user IP repositories specified
INFO: [IP_Flow 19-2313] Loaded Vivado IP repository 'C:/Xilinx/Vivado/2020.1/data/ip'.
open_project: Time (s): cpu = 00:00:23 ; elapsed = 00:00:09 . Memory (MB): peak = 1028.395 ; gain = 0.000
update_compile_order -fileset sources_1
reset_run synth_1
launch_runs impl_1 -to_step write_bitstream -jobs 2
[Sun Dec 12 00:51:38 2021] Launched synth_1...
Run output will be captured here: C:/Users/jazze/Desktop/my/THEREALGAME_2/THEREALGAME.runs/synth_1/runme.log
[Sun Dec 12 00:51:38 2021] Launched impl_1...
Run output will be captured here: C:/Users/jazze/Desktop/my/THEREALGAME_2/THEREALGAME.runs/impl_1/runme.log
open_hw_manager
connect_hw_server -allow_non_jtag
INFO: [Labtools 27-2285] Connecting to hw_server url TCP:localhost:3121
INFO: [Labtools 27-2222] Launching hw_server...
INFO: [Labtools 27-2221] Launch Output:

****** Xilinx hw_server v2020.1
  **** Build date : May 27 2020 at 20:24:38
    ** Copyright 1986-2020 Xilinx, Inc. All Rights Reserved.


INFO: [Labtools 27-3415] Connecting to cs_server url TCP:localhost:3042
INFO: [Labtools 27-3417] Launching cs_server...
INFO: [Labtools 27-2221] Launch Output:


****** Xilinx cs_server v2020.1.0
  **** Build date : May 14 2020-06:10:29
    ** Copyright 2017-2020 Xilinx, Inc. All Rights Reserved.



connect_hw_server: Time (s): cpu = 00:00:02 ; elapsed = 00:00:13 . Memory (MB): peak = 1028.395 ; gain = 0.000
open_hw_target
INFO: [Labtoolstcl 44-466] Opening hw_target localhost:3121/xilinx_tcf/Digilent/210183AF2A53A
open_hw_target: Time (s): cpu = 00:00:09 ; elapsed = 00:00:09 . Memory (MB): peak = 2254.078 ; gain = 1225.684
set_property PROGRAM.FILE {C:/Users/jazze/Desktop/my/THEREALGAME_2/THEREALGAME.runs/impl_1/TopLevelModule.bit} [get_hw_devices xc7a35t_0]
current_hw_device [get_hw_devices xc7a35t_0]
refresh_hw_device -update_hw_probes false [lindex [get_hw_devices xc7a35t_0] 0]
INFO: [Labtools 27-1434] Device xc7a35t (JTAG device index = 0) is programmed with a design that has no supported debug core(s) in it.
set_property PROBES.FILE {} [get_hw_devices xc7a35t_0]
set_property FULL_PROBES.FILE {} [get_hw_devices xc7a35t_0]
set_property PROGRAM.FILE {C:/Users/jazze/Desktop/my/THEREALGAME_2/THEREALGAME.runs/impl_1/TopLevelModule.bit} [get_hw_devices xc7a35t_0]
program_hw_devices [get_hw_devices xc7a35t_0]
INFO: [Labtools 27-3164] End of startup status: HIGH
refresh_hw_device [lindex [get_hw_devices xc7a35t_0] 0]
INFO: [Labtools 27-1434] Device xc7a35t (JTAG device index = 0) is programmed with a design that has no supported debug core(s) in it.
reset_run synth_1
launch_runs impl_1 -to_step write_bitstream -jobs 2
[Sun Dec 12 01:03:13 2021] Launched synth_1...
Run output will be captured here: C:/Users/jazze/Desktop/my/THEREALGAME_2/THEREALGAME.runs/synth_1/runme.log
[Sun Dec 12 01:03:13 2021] Launched impl_1...
Run output will be captured here: C:/Users/jazze/Desktop/my/THEREALGAME_2/THEREALGAME.runs/impl_1/runme.log
set_property PROBES.FILE {} [get_hw_devices xc7a35t_0]
set_property FULL_PROBES.FILE {} [get_hw_devices xc7a35t_0]
set_property PROGRAM.FILE {C:/Users/jazze/Desktop/my/THEREALGAME_2/THEREALGAME.runs/impl_1/TopLevelModule.bit} [get_hw_devices xc7a35t_0]
program_hw_devices [get_hw_devices xc7a35t_0]
INFO: [Labtools 27-3164] End of startup status: HIGH
refresh_hw_device [lindex [get_hw_devices xc7a35t_0] 0]
INFO: [Labtools 27-1434] Device xc7a35t (JTAG device index = 0) is programmed with a design that has no supported debug core(s) in it.
reset_run synth_1
launch_runs impl_1 -to_step write_bitstream -jobs 2
[Sun Dec 12 01:21:43 2021] Launched synth_1...
Run output will be captured here: C:/Users/jazze/Desktop/my/THEREALGAME_2/THEREALGAME.runs/synth_1/runme.log
[Sun Dec 12 01:21:43 2021] Launched impl_1...
Run output will be captured here: C:/Users/jazze/Desktop/my/THEREALGAME_2/THEREALGAME.runs/impl_1/runme.log
set_property PROBES.FILE {} [get_hw_devices xc7a35t_0]
set_property FULL_PROBES.FILE {} [get_hw_devices xc7a35t_0]
set_property PROGRAM.FILE {C:/Users/jazze/Desktop/my/THEREALGAME_2/THEREALGAME.runs/impl_1/TopLevelModule.bit} [get_hw_devices xc7a35t_0]
program_hw_devices [get_hw_devices xc7a35t_0]
INFO: [Labtools 27-3164] End of startup status: HIGH
refresh_hw_device [lindex [get_hw_devices xc7a35t_0] 0]
INFO: [Labtools 27-1434] Device xc7a35t (JTAG device index = 0) is programmed with a design that has no supported debug core(s) in it.
exit
INFO: [Common 17-206] Exiting Vivado at Sun Dec 12 01:31:55 2021...
