#-----------------------------------------------------------
# Vivado v2020.1 (64-bit)
# SW Build 2902540 on Wed May 27 19:54:49 MDT 2020
# IP Build 2902112 on Wed May 27 22:43:36 MDT 2020
# Start of session at: Fri Dec 17 02:00:28 2021
# Process ID: 3352
# Current directory: C:/Users/jazze/Desktop/my/THEREALGAME_2
# Command line: vivado.exe -gui_launcher_event rodinguilauncherevent10032 C:\Users\jazze\Desktop\my\THEREALGAME_2\THEREALGAME.xpr
# Log file: C:/Users/jazze/Desktop/my/THEREALGAME_2/vivado.log
# Journal file: C:/Users/jazze/Desktop/my/THEREALGAME_2\vivado.jou
#-----------------------------------------------------------
start_gui
open_project C:/Users/jazze/Desktop/my/THEREALGAME_2/THEREALGAME.xpr
Scanning sources...
Finished scanning sources
INFO: [IP_Flow 19-234] Refreshing IP repositories
INFO: [IP_Flow 19-1704] No user IP repositories specified
INFO: [IP_Flow 19-2313] Loaded Vivado IP repository 'C:/Xilinx/Vivado/2020.1/data/ip'.
open_project: Time (s): cpu = 00:00:20 ; elapsed = 00:00:08 . Memory (MB): peak = 1029.535 ; gain = 0.000
update_compile_order -fileset sources_1
exit
INFO: [Common 17-206] Exiting Vivado at Fri Dec 17 02:35:02 2021...
INFO: [filemgmt 56-326] User Interrupt. Could not getCurrentGraph()
