#-----------------------------------------------------------
# Vivado v2020.1 (64-bit)
# SW Build 2902540 on Wed May 27 19:54:49 MDT 2020
# IP Build 2902112 on Wed May 27 22:43:36 MDT 2020
# Start of session at: Fri Dec 10 19:22:55 2021
# Process ID: 8100
# Current directory: C:/Users/jazze/Desktop/my/THEREALGAME_2
# Command line: vivado.exe -gui_launcher_event rodinguilauncherevent2408 C:\Users\jazze\Desktop\my\THEREALGAME_2\THEREALGAME.xpr
# Log file: C:/Users/jazze/Desktop/my/THEREALGAME_2/vivado.log
# Journal file: C:/Users/jazze/Desktop/my/THEREALGAME_2\vivado.jou
#-----------------------------------------------------------
start_gui
open_project C:/Users/jazze/Desktop/my/THEREALGAME_2/THEREALGAME.xpr
INFO: [Project 1-313] Project file moved from 'C:/Users/jazze/Downloads/THEREALGAME' since last save.
Scanning sources...
Finished scanning sources
INFO: [IP_Flow 19-234] Refreshing IP repositories
INFO: [IP_Flow 19-1704] No user IP repositories specified
INFO: [IP_Flow 19-2313] Loaded Vivado IP repository 'C:/Xilinx/Vivado/2020.1/data/ip'.
open_project: Time (s): cpu = 00:00:19 ; elapsed = 00:00:12 . Memory (MB): peak = 1029.086 ; gain = 0.000

update_compile_order -fileset sources_1
open_hw_manager
connect_hw_server -allow_non_jtag
INFO: [Labtools 27-2285] Connecting to hw_server url TCP:localhost:3121
INFO: [Labtools 27-3415] Connecting to cs_server url TCP:localhost:3042
INFO: [Labtools 27-3414] Connected to existing cs_server.
open_hw_target
INFO: [Labtoolstcl 44-466] Opening hw_target localhost:3121/xilinx_tcf/Digilent/210183AF2A53A
open_hw_target: Time (s): cpu = 00:00:07 ; elapsed = 00:00:07 . Memory (MB): peak = 2158.426 ; gain = 1131.758
set_property PROGRAM.FILE {C:/Users/jazze/Desktop/my/THEREALGAME_2/THEREALGAME.runs/impl_1/TopLevelModule.bit} [get_hw_devices xc7a35t_0]
current_hw_device [get_hw_devices xc7a35t_0]
refresh_hw_device -update_hw_probes false [lindex [get_hw_devices xc7a35t_0] 0]
INFO: [Labtools 27-1434] Device xc7a35t (JTAG device index = 0) is programmed with a design that has no supported debug core(s) in it.
set_property PROBES.FILE {} [get_hw_devices xc7a35t_0]
set_property FULL_PROBES.FILE {} [get_hw_devices xc7a35t_0]
set_property PROGRAM.FILE {C:/Users/jazze/Desktop/my/THEREALGAME_2/THEREALGAME.runs/impl_1/TopLevelModule.bit} [get_hw_devices xc7a35t_0]
program_hw_devices [get_hw_devices xc7a35t_0]
INFO: [Labtools 27-3164] End of startup status: HIGH
refresh_hw_device [lindex [get_hw_devices xc7a35t_0] 0]
INFO: [Labtools 27-1434] Device xc7a35t (JTAG device index = 0) is programmed with a design that has no supported debug core(s) in it.
update_compile_order -fileset sources_1
update_compile_order -fileset sources_1
launch_simulation
Command: launch_simulation 
INFO: [Vivado 12-5682] Launching behavioral simulation in 'C:/Users/jazze/Desktop/my/THEREALGAME_2/THEREALGAME.sim/sim_1/behav/xsim'
INFO: [SIM-utils-51] Simulation object is 'sim_1'
INFO: [SIM-utils-54] Inspecting design source files for 'CarState' in fileset 'sim_1'...
INFO: [USF-XSim-97] Finding global include files...
INFO: [USF-XSim-98] Fetching design files from 'sim_1'...
INFO: [USF-XSim-2] XSim::Compile design
INFO: [USF-XSim-61] Executing 'COMPILE and ANALYZE' step in 'C:/Users/jazze/Desktop/my/THEREALGAME_2/THEREALGAME.sim/sim_1/behav/xsim'
"xvlog --incr --relax -prj CarState_vlog.prj"
INFO: [VRFC 10-2263] Analyzing Verilog file "C:/Users/jazze/Desktop/my/THEREALGAME_2/THEREALGAME.srcs/sources_1/new/D_ff.v" into library xil_defaultlib
INFO: [VRFC 10-311] analyzing module D_FF
INFO: [VRFC 10-2263] Analyzing Verilog file "C:/Users/jazze/Desktop/my/THEREALGAME_2/THEREALGAME.srcs/sources_1/new/CarState.v" into library xil_defaultlib
INFO: [VRFC 10-311] analyzing module CarState
INFO: [VRFC 10-2458] undeclared symbol M1, assumed default net type wire [C:/Users/jazze/Desktop/my/THEREALGAME_2/THEREALGAME.srcs/sources_1/new/CarState.v:39]
INFO: [VRFC 10-2458] undeclared symbol M2, assumed default net type wire [C:/Users/jazze/Desktop/my/THEREALGAME_2/THEREALGAME.srcs/sources_1/new/CarState.v:39]
INFO: [VRFC 10-2458] undeclared symbol M5, assumed default net type wire [C:/Users/jazze/Desktop/my/THEREALGAME_2/THEREALGAME.srcs/sources_1/new/CarState.v:40]
INFO: [VRFC 10-2458] undeclared symbol M3, assumed default net type wire [C:/Users/jazze/Desktop/my/THEREALGAME_2/THEREALGAME.srcs/sources_1/new/CarState.v:40]
INFO: [VRFC 10-2458] undeclared symbol M6, assumed default net type wire [C:/Users/jazze/Desktop/my/THEREALGAME_2/THEREALGAME.srcs/sources_1/new/CarState.v:41]
INFO: [VRFC 10-2458] undeclared symbol M4, assumed default net type wire [C:/Users/jazze/Desktop/my/THEREALGAME_2/THEREALGAME.srcs/sources_1/new/CarState.v:41]
INFO: [VRFC 10-2263] Analyzing Verilog file "C:/Users/jazze/Desktop/my/THEREALGAME_2/THEREALGAME.sim/sim_1/behav/xsim/glbl.v" into library xil_defaultlib
INFO: [VRFC 10-311] analyzing module glbl
INFO: [USF-XSim-69] 'compile' step finished in '2' seconds
INFO: [USF-XSim-3] XSim::Elaborate design
INFO: [USF-XSim-61] Executing 'ELABORATE' step in 'C:/Users/jazze/Desktop/my/THEREALGAME_2/THEREALGAME.sim/sim_1/behav/xsim'
"xelab -wto 85de1b5cac274a038c341390b7b14898 --incr --debug typical --relax --mt 2 -L xil_defaultlib -L unisims_ver -L unimacro_ver -L secureip --snapshot CarState_behav xil_defaultlib.CarState xil_defaultlib.glbl -log elaborate.log"
Vivado Simulator 2020.1
Copyright 1986-1999, 2001-2020 Xilinx, Inc. All Rights Reserved.
Running: C:/Xilinx/Vivado/2020.1/bin/unwrapped/win64.o/xelab.exe -wto 85de1b5cac274a038c341390b7b14898 --incr --debug typical --relax --mt 2 -L xil_defaultlib -L unisims_ver -L unimacro_ver -L secureip --snapshot CarState_behav xil_defaultlib.CarState xil_defaultlib.glbl -log elaborate.log 
Using 2 slave threads.
Starting static elaboration
Pass Through NonSizing Optimizer
Completed static elaboration
Starting simulation data flow analysis
Completed simulation data flow analysis
Time Resolution for simulation is 1ps
Compiling module xil_defaultlib.D_FF
Compiling module xil_defaultlib.CarState
Compiling module xil_defaultlib.glbl
Built simulation snapshot CarState_behav

****** Webtalk v2020.1 (64-bit)
  **** SW Build 2902540 on Wed May 27 19:54:49 MDT 2020
  **** IP Build 2902112 on Wed May 27 22:43:36 MDT 2020
    ** Copyright 1986-2020 Xilinx, Inc. All Rights Reserved.

source C:/Users/jazze/Desktop/my/THEREALGAME_2/THEREALGAME.sim/sim_1/behav/xsim/xsim.dir/CarState_behav/webtalk/xsim_webtalk.tcl -notrace
webtalk_transmit: Time (s): cpu = 00:00:00 ; elapsed = 00:00:18 . Memory (MB): peak = 113.785 ; gain = 17.680
INFO: [Common 17-206] Exiting Webtalk at Fri Dec 10 19:34:45 2021...
run_program: Time (s): cpu = 00:00:01 ; elapsed = 00:00:24 . Memory (MB): peak = 2243.496 ; gain = 0.000
INFO: [USF-XSim-69] 'elaborate' step finished in '23' seconds
INFO: [USF-XSim-4] XSim::Simulate design
INFO: [USF-XSim-61] Executing 'SIMULATE' step in 'C:/Users/jazze/Desktop/my/THEREALGAME_2/THEREALGAME.sim/sim_1/behav/xsim'
INFO: [USF-XSim-98] *** Running xsim
   with args "CarState_behav -key {Behavioral:sim_1:Functional:CarState} -tclbatch {CarState.tcl} -log {simulate.log}"
INFO: [USF-XSim-8] Loading simulator feature
Vivado Simulator 2020.1
Time resolution is 1 ps
source CarState.tcl
# set curr_wave [current_wave_config]
# if { [string length $curr_wave] == 0 } {
#   if { [llength [get_objects]] > 0} {
#     add_wave /
#     set_property needs_save false [current_wave_config]
#   } else {
#      send_msg_id Add_Wave-1 WARNING "No top level signals found. Simulator will start without a wave window. If you want to open a wave window go to 'File->New Waveform Configuration' or type 'create_wave_config' in the TCL console."
#   }
# }
# run 1000ns
INFO: [USF-XSim-96] XSim completed. Design snapshot 'CarState_behav' loaded.
INFO: [USF-XSim-97] XSim simulation ran for 1000ns
launch_simulation: Time (s): cpu = 00:00:07 ; elapsed = 00:00:30 . Memory (MB): peak = 2254.699 ; gain = 11.203
ERROR: [Labtoolstcl 44-513] HW Target shutdown. Closing target: localhost:3121/xilinx_tcf/Digilent/210183AF2A53A
synth_design -rtl -name rtl_1
Command: synth_design -rtl -name rtl_1
Starting synth_design
Using part: xc7a35tcpg236-1
Top: TopLevelModule
INFO: [Device 21-403] Loading part xc7a35tcpg236-1
---------------------------------------------------------------------------------
Starting RTL Elaboration : Time (s): cpu = 00:00:05 ; elapsed = 00:00:05 . Memory (MB): peak = 2764.371 ; gain = 247.063
---------------------------------------------------------------------------------
INFO: [Synth 8-6157] synthesizing module 'TopLevelModule' [C:/Users/jazze/Desktop/my/THEREALGAME_2/THEREALGAME.srcs/sources_1/new/top_level.v:4]
INFO: [Synth 8-6157] synthesizing module 'clk_div' [C:/Users/jazze/Desktop/my/THEREALGAME_2/THEREALGAME.srcs/sources_1/new/clk_div.v:3]
	Parameter div bound to: 1 - type: integer 
INFO: [Synth 8-6155] done synthesizing module 'clk_div' (1#1) [C:/Users/jazze/Desktop/my/THEREALGAME_2/THEREALGAME.srcs/sources_1/new/clk_div.v:3]
INFO: [Synth 8-6157] synthesizing module 'h_count' [C:/Users/jazze/Desktop/my/THEREALGAME_2/THEREALGAME.srcs/sources_1/new/h_counter.v:2]
INFO: [Synth 8-6155] done synthesizing module 'h_count' (2#1) [C:/Users/jazze/Desktop/my/THEREALGAME_2/THEREALGAME.srcs/sources_1/new/h_counter.v:2]
INFO: [Synth 8-6157] synthesizing module 'v_count' [C:/Users/jazze/Desktop/my/THEREALGAME_2/THEREALGAME.srcs/sources_1/new/v_counter.v:1]
INFO: [Synth 8-6155] done synthesizing module 'v_count' (3#1) [C:/Users/jazze/Desktop/my/THEREALGAME_2/THEREALGAME.srcs/sources_1/new/v_counter.v:1]
INFO: [Synth 8-6157] synthesizing module 'vga_sync' [C:/Users/jazze/Desktop/my/THEREALGAME_2/THEREALGAME.srcs/sources_1/new/vga_sync.v:3]
	Parameter HD bound to: 640 - type: integer 
	Parameter HF bound to: 16 - type: integer 
	Parameter HB bound to: 48 - type: integer 
	Parameter HR bound to: 96 - type: integer 
	Parameter VD bound to: 480 - type: integer 
	Parameter VF bound to: 10 - type: integer 
	Parameter VB bound to: 33 - type: integer 
	Parameter VR bound to: 2 - type: integer 
INFO: [Synth 8-6155] done synthesizing module 'vga_sync' (4#1) [C:/Users/jazze/Desktop/my/THEREALGAME_2/THEREALGAME.srcs/sources_1/new/vga_sync.v:3]
INFO: [Synth 8-6157] synthesizing module 'keyboardInput' [C:/Users/jazze/Desktop/my/THEREALGAME_2/THEREALGAME.srcs/sources_1/new/keyboardInput.v:3]
INFO: [Synth 8-6155] done synthesizing module 'keyboardInput' (5#1) [C:/Users/jazze/Desktop/my/THEREALGAME_2/THEREALGAME.srcs/sources_1/new/keyboardInput.v:3]
WARNING: [Synth 8-6104] Input port 'L' has an internal driver [C:/Users/jazze/Desktop/my/THEREALGAME_2/THEREALGAME.srcs/sources_1/new/top_level.v:48]
WARNING: [Synth 8-6104] Input port 'R' has an internal driver [C:/Users/jazze/Desktop/my/THEREALGAME_2/THEREALGAME.srcs/sources_1/new/top_level.v:48]
INFO: [Synth 8-6157] synthesizing module 'scoreState' [C:/Users/jazze/Desktop/my/THEREALGAME_2/THEREALGAME.srcs/sources_1/new/scoreState.v:3]
INFO: [Synth 8-6157] synthesizing module 'D_FF' [C:/Users/jazze/Desktop/my/THEREALGAME_2/THEREALGAME.srcs/sources_1/new/D_ff.v:3]
INFO: [Synth 8-6155] done synthesizing module 'D_FF' (6#1) [C:/Users/jazze/Desktop/my/THEREALGAME_2/THEREALGAME.srcs/sources_1/new/D_ff.v:3]
INFO: [Synth 8-6155] done synthesizing module 'scoreState' (7#1) [C:/Users/jazze/Desktop/my/THEREALGAME_2/THEREALGAME.srcs/sources_1/new/scoreState.v:3]
INFO: [Synth 8-6157] synthesizing module 'pixel_gen' [C:/Users/jazze/Desktop/my/THEREALGAME_2/THEREALGAME.srcs/sources_1/new/pixel_gen.v:134]
INFO: [Synth 8-6155] done synthesizing module 'pixel_gen' (8#1) [C:/Users/jazze/Desktop/my/THEREALGAME_2/THEREALGAME.srcs/sources_1/new/pixel_gen.v:134]
INFO: [Synth 8-6155] done synthesizing module 'TopLevelModule' (9#1) [C:/Users/jazze/Desktop/my/THEREALGAME_2/THEREALGAME.srcs/sources_1/new/top_level.v:4]
---------------------------------------------------------------------------------
Finished RTL Elaboration : Time (s): cpu = 00:00:07 ; elapsed = 00:00:07 . Memory (MB): peak = 2809.895 ; gain = 292.586
---------------------------------------------------------------------------------
---------------------------------------------------------------------------------
Start Handling Custom Attributes
---------------------------------------------------------------------------------
---------------------------------------------------------------------------------
Finished Handling Custom Attributes : Time (s): cpu = 00:00:07 ; elapsed = 00:00:08 . Memory (MB): peak = 2827.762 ; gain = 310.453
---------------------------------------------------------------------------------
---------------------------------------------------------------------------------
Finished RTL Optimization Phase 1 : Time (s): cpu = 00:00:07 ; elapsed = 00:00:08 . Memory (MB): peak = 2827.762 ; gain = 310.453
---------------------------------------------------------------------------------
Netlist sorting complete. Time (s): cpu = 00:00:00 ; elapsed = 00:00:00.004 . Memory (MB): peak = 2827.762 ; gain = 0.000
INFO: [Project 1-570] Preparing netlist for logic optimization
INFO: [Opt 31-141] Inserted 12 OBUFs to IO ports without IO buffers.

Processing XDC Constraints
Initializing timing engine
Parsing XDC File [C:/Users/jazze/Desktop/my/THEREALGAME_2/THEREALGAME.srcs/constrs_1/new/dsad.xdc]
Finished Parsing XDC File [C:/Users/jazze/Desktop/my/THEREALGAME_2/THEREALGAME.srcs/constrs_1/new/dsad.xdc]
Completed Processing XDC Constraints

INFO: [Opt 31-138] Pushed 0 inverter(s) to 0 load pin(s).
Netlist sorting complete. Time (s): cpu = 00:00:00 ; elapsed = 00:00:00 . Memory (MB): peak = 2944.438 ; gain = 0.000
INFO: [Project 1-111] Unisim Transformation Summary:
No Unisim elements were transformed.

RTL Elaboration Complete:  : Time (s): cpu = 00:00:20 ; elapsed = 00:00:13 . Memory (MB): peak = 2944.438 ; gain = 427.129
23 Infos, 2 Warnings, 0 Critical Warnings and 0 Errors encountered.
synth_design completed successfully
synth_design: Time (s): cpu = 00:00:30 ; elapsed = 00:00:26 . Memory (MB): peak = 2944.438 ; gain = 689.738
reset_run synth_1
WARNING: [Vivado 12-1017] Problems encountered:
1. Failed to delete one or more files in run directory C:/Users/jazze/Desktop/my/THEREALGAME_2/THEREALGAME.runs/synth_1

launch_runs impl_1 -to_step write_bitstream -jobs 2
[Fri Dec 10 19:44:31 2021] Launched synth_1...
Run output will be captured here: C:/Users/jazze/Desktop/my/THEREALGAME_2/THEREALGAME.runs/synth_1/runme.log
[Fri Dec 10 19:44:31 2021] Launched impl_1...
Run output will be captured here: C:/Users/jazze/Desktop/my/THEREALGAME_2/THEREALGAME.runs/impl_1/runme.log
INFO: [Labtoolstcl 44-466] Opening hw_target localhost:3121/xilinx_tcf/Digilent/210183AF2A53A
INFO: [Labtools 27-1434] Device xc7a35t (JTAG device index = 0) is programmed with a design that has no supported debug core(s) in it.
WARNING: [Labtoolstcl 44-129] No matching hw_ila_data was found.
set_property PROBES.FILE {} [get_hw_devices xc7a35t_0]
set_property FULL_PROBES.FILE {} [get_hw_devices xc7a35t_0]
set_property PROGRAM.FILE {C:/Users/jazze/Desktop/my/THEREALGAME_2/THEREALGAME.runs/impl_1/TopLevelModule.bit} [get_hw_devices xc7a35t_0]
program_hw_devices [get_hw_devices xc7a35t_0]
INFO: [Labtools 27-3164] End of startup status: HIGH
refresh_hw_device [lindex [get_hw_devices xc7a35t_0] 0]
INFO: [Labtools 27-1434] Device xc7a35t (JTAG device index = 0) is programmed with a design that has no supported debug core(s) in it.
reset_run synth_1
WARNING: [Vivado 12-1017] Problems encountered:
1. Failed to delete one or more files in run directory C:/Users/jazze/Desktop/my/THEREALGAME_2/THEREALGAME.runs/synth_1

launch_runs impl_1 -to_step write_bitstream -jobs 2
[Fri Dec 10 19:49:07 2021] Launched synth_1...
Run output will be captured here: C:/Users/jazze/Desktop/my/THEREALGAME_2/THEREALGAME.runs/synth_1/runme.log
[Fri Dec 10 19:49:07 2021] Launched impl_1...
Run output will be captured here: C:/Users/jazze/Desktop/my/THEREALGAME_2/THEREALGAME.runs/impl_1/runme.log
set_property PROBES.FILE {} [get_hw_devices xc7a35t_0]
set_property FULL_PROBES.FILE {} [get_hw_devices xc7a35t_0]
set_property PROGRAM.FILE {C:/Users/jazze/Desktop/my/THEREALGAME_2/THEREALGAME.runs/impl_1/TopLevelModule.bit} [get_hw_devices xc7a35t_0]
program_hw_devices [get_hw_devices xc7a35t_0]
INFO: [Labtools 27-3164] End of startup status: HIGH
refresh_hw_device [lindex [get_hw_devices xc7a35t_0] 0]
INFO: [Labtools 27-1434] Device xc7a35t (JTAG device index = 0) is programmed with a design that has no supported debug core(s) in it.
reset_run synth_1
WARNING: [Vivado 12-1017] Problems encountered:
1. Failed to delete one or more files in run directory C:/Users/jazze/Desktop/my/THEREALGAME_2/THEREALGAME.runs/synth_1

launch_runs impl_1 -to_step write_bitstream -jobs 2
[Fri Dec 10 19:53:22 2021] Launched synth_1...
Run output will be captured here: C:/Users/jazze/Desktop/my/THEREALGAME_2/THEREALGAME.runs/synth_1/runme.log
[Fri Dec 10 19:53:23 2021] Launched impl_1...
Run output will be captured here: C:/Users/jazze/Desktop/my/THEREALGAME_2/THEREALGAME.runs/impl_1/runme.log
set_property PROBES.FILE {} [get_hw_devices xc7a35t_0]
set_property FULL_PROBES.FILE {} [get_hw_devices xc7a35t_0]
set_property PROGRAM.FILE {C:/Users/jazze/Desktop/my/THEREALGAME_2/THEREALGAME.runs/impl_1/TopLevelModule.bit} [get_hw_devices xc7a35t_0]
program_hw_devices [get_hw_devices xc7a35t_0]
INFO: [Labtools 27-3164] End of startup status: HIGH
refresh_hw_device [lindex [get_hw_devices xc7a35t_0] 0]
INFO: [Labtools 27-1434] Device xc7a35t (JTAG device index = 0) is programmed with a design that has no supported debug core(s) in it.
reset_run synth_1
WARNING: [Vivado 12-1017] Problems encountered:
1. Failed to delete one or more files in run directory C:/Users/jazze/Desktop/my/THEREALGAME_2/THEREALGAME.runs/synth_1

launch_runs impl_1 -to_step write_bitstream -jobs 2
[Fri Dec 10 19:57:50 2021] Launched synth_1...
Run output will be captured here: C:/Users/jazze/Desktop/my/THEREALGAME_2/THEREALGAME.runs/synth_1/runme.log
[Fri Dec 10 19:57:50 2021] Launched impl_1...
Run output will be captured here: C:/Users/jazze/Desktop/my/THEREALGAME_2/THEREALGAME.runs/impl_1/runme.log
refresh_design
---------------------------------------------------------------------------------
Starting RTL Elaboration : Time (s): cpu = 00:00:07 ; elapsed = 00:00:07 . Memory (MB): peak = 2972.199 ; gain = 27.762
---------------------------------------------------------------------------------
INFO: [Synth 8-6157] synthesizing module 'TopLevelModule' [C:/Users/jazze/Desktop/my/THEREALGAME_2/THEREALGAME.srcs/sources_1/new/top_level.v:4]
INFO: [Synth 8-6157] synthesizing module 'clk_div' [C:/Users/jazze/Desktop/my/THEREALGAME_2/THEREALGAME.srcs/sources_1/new/clk_div.v:3]
	Parameter div bound to: 1 - type: integer 
INFO: [Synth 8-6155] done synthesizing module 'clk_div' (1#1) [C:/Users/jazze/Desktop/my/THEREALGAME_2/THEREALGAME.srcs/sources_1/new/clk_div.v:3]
INFO: [Synth 8-6157] synthesizing module 'h_count' [C:/Users/jazze/Desktop/my/THEREALGAME_2/THEREALGAME.srcs/sources_1/new/h_counter.v:2]
INFO: [Synth 8-6155] done synthesizing module 'h_count' (2#1) [C:/Users/jazze/Desktop/my/THEREALGAME_2/THEREALGAME.srcs/sources_1/new/h_counter.v:2]
INFO: [Synth 8-6157] synthesizing module 'v_count' [C:/Users/jazze/Desktop/my/THEREALGAME_2/THEREALGAME.srcs/sources_1/new/v_counter.v:1]
INFO: [Synth 8-6155] done synthesizing module 'v_count' (3#1) [C:/Users/jazze/Desktop/my/THEREALGAME_2/THEREALGAME.srcs/sources_1/new/v_counter.v:1]
INFO: [Synth 8-6157] synthesizing module 'vga_sync' [C:/Users/jazze/Desktop/my/THEREALGAME_2/THEREALGAME.srcs/sources_1/new/vga_sync.v:3]
	Parameter HD bound to: 640 - type: integer 
	Parameter HF bound to: 16 - type: integer 
	Parameter HB bound to: 48 - type: integer 
	Parameter HR bound to: 96 - type: integer 
	Parameter VD bound to: 480 - type: integer 
	Parameter VF bound to: 10 - type: integer 
	Parameter VB bound to: 33 - type: integer 
	Parameter VR bound to: 2 - type: integer 
INFO: [Synth 8-6155] done synthesizing module 'vga_sync' (4#1) [C:/Users/jazze/Desktop/my/THEREALGAME_2/THEREALGAME.srcs/sources_1/new/vga_sync.v:3]
INFO: [Synth 8-6157] synthesizing module 'keyboardInput' [C:/Users/jazze/Desktop/my/THEREALGAME_2/THEREALGAME.srcs/sources_1/new/keyboardInput.v:3]
INFO: [Synth 8-6155] done synthesizing module 'keyboardInput' (5#1) [C:/Users/jazze/Desktop/my/THEREALGAME_2/THEREALGAME.srcs/sources_1/new/keyboardInput.v:3]
WARNING: [Synth 8-6104] Input port 'L' has an internal driver [C:/Users/jazze/Desktop/my/THEREALGAME_2/THEREALGAME.srcs/sources_1/new/top_level.v:48]
WARNING: [Synth 8-6104] Input port 'R' has an internal driver [C:/Users/jazze/Desktop/my/THEREALGAME_2/THEREALGAME.srcs/sources_1/new/top_level.v:48]
INFO: [Synth 8-6157] synthesizing module 'scoreState' [C:/Users/jazze/Desktop/my/THEREALGAME_2/THEREALGAME.srcs/sources_1/new/scoreState.v:3]
INFO: [Synth 8-6157] synthesizing module 'D_FF' [C:/Users/jazze/Desktop/my/THEREALGAME_2/THEREALGAME.srcs/sources_1/new/D_ff.v:3]
INFO: [Synth 8-6155] done synthesizing module 'D_FF' (6#1) [C:/Users/jazze/Desktop/my/THEREALGAME_2/THEREALGAME.srcs/sources_1/new/D_ff.v:3]
INFO: [Synth 8-6155] done synthesizing module 'scoreState' (7#1) [C:/Users/jazze/Desktop/my/THEREALGAME_2/THEREALGAME.srcs/sources_1/new/scoreState.v:3]
INFO: [Synth 8-6157] synthesizing module 'pixel_gen' [C:/Users/jazze/Desktop/my/THEREALGAME_2/THEREALGAME.srcs/sources_1/new/pixel_gen.v:134]
INFO: [Synth 8-6155] done synthesizing module 'pixel_gen' (8#1) [C:/Users/jazze/Desktop/my/THEREALGAME_2/THEREALGAME.srcs/sources_1/new/pixel_gen.v:134]
INFO: [Synth 8-6155] done synthesizing module 'TopLevelModule' (9#1) [C:/Users/jazze/Desktop/my/THEREALGAME_2/THEREALGAME.srcs/sources_1/new/top_level.v:4]
---------------------------------------------------------------------------------
Finished RTL Elaboration : Time (s): cpu = 00:00:09 ; elapsed = 00:00:09 . Memory (MB): peak = 3008.633 ; gain = 64.195
---------------------------------------------------------------------------------
---------------------------------------------------------------------------------
Start Handling Custom Attributes
---------------------------------------------------------------------------------
---------------------------------------------------------------------------------
Finished Handling Custom Attributes : Time (s): cpu = 00:00:10 ; elapsed = 00:00:09 . Memory (MB): peak = 3032.473 ; gain = 88.035
---------------------------------------------------------------------------------
---------------------------------------------------------------------------------
Finished RTL Optimization Phase 1 : Time (s): cpu = 00:00:10 ; elapsed = 00:00:09 . Memory (MB): peak = 3032.473 ; gain = 88.035
---------------------------------------------------------------------------------
Netlist sorting complete. Time (s): cpu = 00:00:00 ; elapsed = 00:00:00.007 . Memory (MB): peak = 3039.543 ; gain = 0.000
INFO: [Project 1-570] Preparing netlist for logic optimization
INFO: [Opt 31-141] Inserted 4 OBUFs to IO ports without IO buffers.

Processing XDC Constraints
Initializing timing engine
Parsing XDC File [C:/Users/jazze/Desktop/my/THEREALGAME_2/THEREALGAME.srcs/constrs_1/new/dsad.xdc]
Finished Parsing XDC File [C:/Users/jazze/Desktop/my/THEREALGAME_2/THEREALGAME.srcs/constrs_1/new/dsad.xdc]
Completed Processing XDC Constraints

INFO: [Opt 31-138] Pushed 0 inverter(s) to 0 load pin(s).
refresh_design: Time (s): cpu = 00:00:23 ; elapsed = 00:00:17 . Memory (MB): peak = 3128.480 ; gain = 184.043
set_property PROBES.FILE {} [get_hw_devices xc7a35t_0]
set_property FULL_PROBES.FILE {} [get_hw_devices xc7a35t_0]
set_property PROGRAM.FILE {C:/Users/jazze/Desktop/my/THEREALGAME_2/THEREALGAME.runs/impl_1/TopLevelModule.bit} [get_hw_devices xc7a35t_0]
program_hw_devices [get_hw_devices xc7a35t_0]
INFO: [Labtools 27-3164] End of startup status: HIGH
refresh_hw_device [lindex [get_hw_devices xc7a35t_0] 0]
INFO: [Labtools 27-1434] Device xc7a35t (JTAG device index = 0) is programmed with a design that has no supported debug core(s) in it.
close [ open C:/Users/jazze/Desktop/my/THEREALGAME_2/THEREALGAME.srcs/sources_1/new/text.v w ]
add_files C:/Users/jazze/Desktop/my/THEREALGAME_2/THEREALGAME.srcs/sources_1/new/text.v
update_compile_order -fileset sources_1
close [ open C:/Users/jazze/Desktop/my/THEREALGAME_2/THEREALGAME.srcs/sources_1/new/car.v w ]
add_files C:/Users/jazze/Desktop/my/THEREALGAME_2/THEREALGAME.srcs/sources_1/new/car.v
update_compile_order -fileset sources_1
update_compile_order -fileset sources_1
close_sim
INFO: [Simtcl 6-16] Simulation closed
close_sim: Time (s): cpu = 00:00:02 ; elapsed = 00:00:14 . Memory (MB): peak = 3285.672 ; gain = 10.313
launch_simulation
Command: launch_simulation 
INFO: [Vivado 12-5682] Launching behavioral simulation in 'C:/Users/jazze/Desktop/my/THEREALGAME_2/THEREALGAME.sim/sim_1/behav/xsim'
INFO: [SIM-utils-51] Simulation object is 'sim_1'
INFO: [SIM-utils-54] Inspecting design source files for 'CarState' in fileset 'sim_1'...
INFO: [USF-XSim-97] Finding global include files...
INFO: [USF-XSim-98] Fetching design files from 'sim_1'...
INFO: [USF-XSim-2] XSim::Compile design
INFO: [USF-XSim-61] Executing 'COMPILE and ANALYZE' step in 'C:/Users/jazze/Desktop/my/THEREALGAME_2/THEREALGAME.sim/sim_1/behav/xsim'
"xvlog --incr --relax -prj CarState_vlog.prj"
INFO: [USF-XSim-69] 'compile' step finished in '2' seconds
INFO: [USF-XSim-3] XSim::Elaborate design
INFO: [USF-XSim-61] Executing 'ELABORATE' step in 'C:/Users/jazze/Desktop/my/THEREALGAME_2/THEREALGAME.sim/sim_1/behav/xsim'
"xelab -wto 85de1b5cac274a038c341390b7b14898 --incr --debug typical --relax --mt 2 -L xil_defaultlib -L unisims_ver -L unimacro_ver -L secureip --snapshot CarState_behav xil_defaultlib.CarState xil_defaultlib.glbl -log elaborate.log"
Vivado Simulator 2020.1
Copyright 1986-1999, 2001-2020 Xilinx, Inc. All Rights Reserved.
Running: C:/Xilinx/Vivado/2020.1/bin/unwrapped/win64.o/xelab.exe -wto 85de1b5cac274a038c341390b7b14898 --incr --debug typical --relax --mt 2 -L xil_defaultlib -L unisims_ver -L unimacro_ver -L secureip --snapshot CarState_behav xil_defaultlib.CarState xil_defaultlib.glbl -log elaborate.log 
Using 2 slave threads.
Starting static elaboration
Pass Through NonSizing Optimizer
Completed static elaboration
INFO: [XSIM 43-4323] No Change in HDL. Linking previously generated obj files to create kernel
INFO: [USF-XSim-69] 'elaborate' step finished in '2' seconds
INFO: [USF-XSim-4] XSim::Simulate design
INFO: [USF-XSim-61] Executing 'SIMULATE' step in 'C:/Users/jazze/Desktop/my/THEREALGAME_2/THEREALGAME.sim/sim_1/behav/xsim'
INFO: [USF-XSim-98] *** Running xsim
   with args "CarState_behav -key {Behavioral:sim_1:Functional:CarState} -tclbatch {CarState.tcl} -log {simulate.log}"
INFO: [USF-XSim-8] Loading simulator feature
Vivado Simulator 2020.1
Time resolution is 1 ps
source CarState.tcl
# set curr_wave [current_wave_config]
# if { [string length $curr_wave] == 0 } {
#   if { [llength [get_objects]] > 0} {
#     add_wave /
#     set_property needs_save false [current_wave_config]
#   } else {
#      send_msg_id Add_Wave-1 WARNING "No top level signals found. Simulator will start without a wave window. If you want to open a wave window go to 'File->New Waveform Configuration' or type 'create_wave_config' in the TCL console."
#   }
# }
# run 1000ns
INFO: [USF-XSim-96] XSim completed. Design snapshot 'CarState_behav' loaded.
INFO: [USF-XSim-97] XSim simulation ran for 1000ns
launch_simulation: Time (s): cpu = 00:00:05 ; elapsed = 00:00:08 . Memory (MB): peak = 3285.672 ; gain = 0.000
refresh_design
---------------------------------------------------------------------------------
Starting RTL Elaboration : Time (s): cpu = 00:00:06 ; elapsed = 00:00:06 . Memory (MB): peak = 3359.535 ; gain = 0.000
---------------------------------------------------------------------------------
INFO: [Synth 8-6157] synthesizing module 'TopLevelModule' [C:/Users/jazze/Desktop/my/THEREALGAME_2/THEREALGAME.srcs/sources_1/new/top_level.v:4]
INFO: [Synth 8-6157] synthesizing module 'clk_div' [C:/Users/jazze/Desktop/my/THEREALGAME_2/THEREALGAME.srcs/sources_1/new/clk_div.v:3]
	Parameter div bound to: 1 - type: integer 
INFO: [Synth 8-6155] done synthesizing module 'clk_div' (1#1) [C:/Users/jazze/Desktop/my/THEREALGAME_2/THEREALGAME.srcs/sources_1/new/clk_div.v:3]
INFO: [Synth 8-6157] synthesizing module 'h_count' [C:/Users/jazze/Desktop/my/THEREALGAME_2/THEREALGAME.srcs/sources_1/new/h_counter.v:2]
INFO: [Synth 8-6155] done synthesizing module 'h_count' (2#1) [C:/Users/jazze/Desktop/my/THEREALGAME_2/THEREALGAME.srcs/sources_1/new/h_counter.v:2]
INFO: [Synth 8-6157] synthesizing module 'v_count' [C:/Users/jazze/Desktop/my/THEREALGAME_2/THEREALGAME.srcs/sources_1/new/v_counter.v:1]
INFO: [Synth 8-6155] done synthesizing module 'v_count' (3#1) [C:/Users/jazze/Desktop/my/THEREALGAME_2/THEREALGAME.srcs/sources_1/new/v_counter.v:1]
INFO: [Synth 8-6157] synthesizing module 'vga_sync' [C:/Users/jazze/Desktop/my/THEREALGAME_2/THEREALGAME.srcs/sources_1/new/vga_sync.v:3]
	Parameter HD bound to: 640 - type: integer 
	Parameter HF bound to: 16 - type: integer 
	Parameter HB bound to: 48 - type: integer 
	Parameter HR bound to: 96 - type: integer 
	Parameter VD bound to: 480 - type: integer 
	Parameter VF bound to: 10 - type: integer 
	Parameter VB bound to: 33 - type: integer 
	Parameter VR bound to: 2 - type: integer 
INFO: [Synth 8-6155] done synthesizing module 'vga_sync' (4#1) [C:/Users/jazze/Desktop/my/THEREALGAME_2/THEREALGAME.srcs/sources_1/new/vga_sync.v:3]
INFO: [Synth 8-6157] synthesizing module 'keyboardInput' [C:/Users/jazze/Desktop/my/THEREALGAME_2/THEREALGAME.srcs/sources_1/new/keyboardInput.v:3]
INFO: [Synth 8-6155] done synthesizing module 'keyboardInput' (5#1) [C:/Users/jazze/Desktop/my/THEREALGAME_2/THEREALGAME.srcs/sources_1/new/keyboardInput.v:3]
WARNING: [Synth 8-6104] Input port 'L' has an internal driver [C:/Users/jazze/Desktop/my/THEREALGAME_2/THEREALGAME.srcs/sources_1/new/top_level.v:48]
WARNING: [Synth 8-6104] Input port 'R' has an internal driver [C:/Users/jazze/Desktop/my/THEREALGAME_2/THEREALGAME.srcs/sources_1/new/top_level.v:48]
INFO: [Synth 8-6157] synthesizing module 'scoreState' [C:/Users/jazze/Desktop/my/THEREALGAME_2/THEREALGAME.srcs/sources_1/new/scoreState.v:3]
INFO: [Synth 8-6157] synthesizing module 'D_FF' [C:/Users/jazze/Desktop/my/THEREALGAME_2/THEREALGAME.srcs/sources_1/new/D_ff.v:3]
INFO: [Synth 8-6155] done synthesizing module 'D_FF' (6#1) [C:/Users/jazze/Desktop/my/THEREALGAME_2/THEREALGAME.srcs/sources_1/new/D_ff.v:3]
INFO: [Synth 8-6155] done synthesizing module 'scoreState' (7#1) [C:/Users/jazze/Desktop/my/THEREALGAME_2/THEREALGAME.srcs/sources_1/new/scoreState.v:3]
INFO: [Synth 8-6157] synthesizing module 'pixel_gen' [C:/Users/jazze/Desktop/my/THEREALGAME_2/THEREALGAME.srcs/sources_1/new/pixel_gen.v:134]
INFO: [Synth 8-6157] synthesizing module 'car' [C:/Users/jazze/Desktop/my/THEREALGAME_2/THEREALGAME.srcs/sources_1/new/car.v:23]
	Parameter MAX_X bound to: 640 - type: integer 
	Parameter MAX_Y bound to: 480 - type: integer 
	Parameter CAR_MAX_X bound to: 32 - type: integer 
	Parameter CAR_MAX_Y bound to: 64 - type: integer 
	Parameter car_y_t bound to: 410 - type: integer 
	Parameter car_y_b bound to: 473 - type: integer 
	Parameter CAR_VELOCITY bound to: 3'b010 
INFO: [Synth 8-6155] done synthesizing module 'car' (8#1) [C:/Users/jazze/Desktop/my/THEREALGAME_2/THEREALGAME.srcs/sources_1/new/car.v:23]
INFO: [Synth 8-6155] done synthesizing module 'pixel_gen' (9#1) [C:/Users/jazze/Desktop/my/THEREALGAME_2/THEREALGAME.srcs/sources_1/new/pixel_gen.v:134]
INFO: [Synth 8-6155] done synthesizing module 'TopLevelModule' (10#1) [C:/Users/jazze/Desktop/my/THEREALGAME_2/THEREALGAME.srcs/sources_1/new/top_level.v:4]
---------------------------------------------------------------------------------
Finished RTL Elaboration : Time (s): cpu = 00:00:08 ; elapsed = 00:00:07 . Memory (MB): peak = 3359.535 ; gain = 0.000
---------------------------------------------------------------------------------
---------------------------------------------------------------------------------
Start Handling Custom Attributes
---------------------------------------------------------------------------------
---------------------------------------------------------------------------------
Finished Handling Custom Attributes : Time (s): cpu = 00:00:08 ; elapsed = 00:00:07 . Memory (MB): peak = 3359.535 ; gain = 0.000
---------------------------------------------------------------------------------
---------------------------------------------------------------------------------
Finished RTL Optimization Phase 1 : Time (s): cpu = 00:00:08 ; elapsed = 00:00:07 . Memory (MB): peak = 3359.535 ; gain = 0.000
---------------------------------------------------------------------------------
Netlist sorting complete. Time (s): cpu = 00:00:00 ; elapsed = 00:00:00.006 . Memory (MB): peak = 3359.535 ; gain = 0.000
INFO: [Project 1-570] Preparing netlist for logic optimization

Processing XDC Constraints
Initializing timing engine
Parsing XDC File [C:/Users/jazze/Desktop/my/THEREALGAME_2/THEREALGAME.srcs/constrs_1/new/dsad.xdc]
Finished Parsing XDC File [C:/Users/jazze/Desktop/my/THEREALGAME_2/THEREALGAME.srcs/constrs_1/new/dsad.xdc]
Completed Processing XDC Constraints

INFO: [Opt 31-138] Pushed 0 inverter(s) to 0 load pin(s).
refresh_design: Time (s): cpu = 00:00:18 ; elapsed = 00:00:15 . Memory (MB): peak = 3473.250 ; gain = 113.715
reset_run synth_1
WARNING: [Vivado 12-1017] Problems encountered:
1. Failed to delete one or more files in run directory C:/Users/jazze/Desktop/my/THEREALGAME_2/THEREALGAME.runs/synth_1

launch_runs impl_1 -to_step write_bitstream -jobs 2
[Fri Dec 10 20:05:28 2021] Launched synth_1...
Run output will be captured here: C:/Users/jazze/Desktop/my/THEREALGAME_2/THEREALGAME.runs/synth_1/runme.log
[Fri Dec 10 20:05:28 2021] Launched impl_1...
Run output will be captured here: C:/Users/jazze/Desktop/my/THEREALGAME_2/THEREALGAME.runs/impl_1/runme.log
set_property PROBES.FILE {} [get_hw_devices xc7a35t_0]
set_property FULL_PROBES.FILE {} [get_hw_devices xc7a35t_0]
set_property PROGRAM.FILE {C:/Users/jazze/Desktop/my/THEREALGAME_2/THEREALGAME.runs/impl_1/TopLevelModule.bit} [get_hw_devices xc7a35t_0]
program_hw_devices [get_hw_devices xc7a35t_0]
INFO: [Labtools 27-3164] End of startup status: HIGH
refresh_hw_device [lindex [get_hw_devices xc7a35t_0] 0]
INFO: [Labtools 27-1434] Device xc7a35t (JTAG device index = 0) is programmed with a design that has no supported debug core(s) in it.
close [ open C:/Users/jazze/Desktop/my/THEREALGAME_2/THEREALGAME.srcs/sources_1/new/road.v w ]
add_files C:/Users/jazze/Desktop/my/THEREALGAME_2/THEREALGAME.srcs/sources_1/new/road.v
update_compile_order -fileset sources_1
update_compile_order -fileset sources_1
reset_run synth_1
WARNING: [Vivado 12-1017] Problems encountered:
1. Failed to delete one or more files in run directory C:/Users/jazze/Desktop/my/THEREALGAME_2/THEREALGAME.runs/synth_1

launch_runs impl_1 -to_step write_bitstream -jobs 2
[Fri Dec 10 20:09:19 2021] Launched synth_1...
Run output will be captured here: C:/Users/jazze/Desktop/my/THEREALGAME_2/THEREALGAME.runs/synth_1/runme.log
[Fri Dec 10 20:09:20 2021] Launched impl_1...
Run output will be captured here: C:/Users/jazze/Desktop/my/THEREALGAME_2/THEREALGAME.runs/impl_1/runme.log
refresh_design
---------------------------------------------------------------------------------
Starting RTL Elaboration : Time (s): cpu = 00:00:07 ; elapsed = 00:00:06 . Memory (MB): peak = 3760.957 ; gain = 17.855
---------------------------------------------------------------------------------
INFO: [Synth 8-6157] synthesizing module 'TopLevelModule' [C:/Users/jazze/Desktop/my/THEREALGAME_2/THEREALGAME.srcs/sources_1/new/top_level.v:4]
INFO: [Synth 8-6157] synthesizing module 'clk_div' [C:/Users/jazze/Desktop/my/THEREALGAME_2/THEREALGAME.srcs/sources_1/new/clk_div.v:3]
	Parameter div bound to: 1 - type: integer 
INFO: [Synth 8-6155] done synthesizing module 'clk_div' (1#1) [C:/Users/jazze/Desktop/my/THEREALGAME_2/THEREALGAME.srcs/sources_1/new/clk_div.v:3]
INFO: [Synth 8-6157] synthesizing module 'h_count' [C:/Users/jazze/Desktop/my/THEREALGAME_2/THEREALGAME.srcs/sources_1/new/h_counter.v:2]
INFO: [Synth 8-6155] done synthesizing module 'h_count' (2#1) [C:/Users/jazze/Desktop/my/THEREALGAME_2/THEREALGAME.srcs/sources_1/new/h_counter.v:2]
INFO: [Synth 8-6157] synthesizing module 'v_count' [C:/Users/jazze/Desktop/my/THEREALGAME_2/THEREALGAME.srcs/sources_1/new/v_counter.v:1]
INFO: [Synth 8-6155] done synthesizing module 'v_count' (3#1) [C:/Users/jazze/Desktop/my/THEREALGAME_2/THEREALGAME.srcs/sources_1/new/v_counter.v:1]
INFO: [Synth 8-6157] synthesizing module 'vga_sync' [C:/Users/jazze/Desktop/my/THEREALGAME_2/THEREALGAME.srcs/sources_1/new/vga_sync.v:3]
	Parameter HD bound to: 640 - type: integer 
	Parameter HF bound to: 16 - type: integer 
	Parameter HB bound to: 48 - type: integer 
	Parameter HR bound to: 96 - type: integer 
	Parameter VD bound to: 480 - type: integer 
	Parameter VF bound to: 10 - type: integer 
	Parameter VB bound to: 33 - type: integer 
	Parameter VR bound to: 2 - type: integer 
INFO: [Synth 8-6155] done synthesizing module 'vga_sync' (4#1) [C:/Users/jazze/Desktop/my/THEREALGAME_2/THEREALGAME.srcs/sources_1/new/vga_sync.v:3]
INFO: [Synth 8-6157] synthesizing module 'keyboardInput' [C:/Users/jazze/Desktop/my/THEREALGAME_2/THEREALGAME.srcs/sources_1/new/keyboardInput.v:3]
INFO: [Synth 8-6155] done synthesizing module 'keyboardInput' (5#1) [C:/Users/jazze/Desktop/my/THEREALGAME_2/THEREALGAME.srcs/sources_1/new/keyboardInput.v:3]
WARNING: [Synth 8-6104] Input port 'L' has an internal driver [C:/Users/jazze/Desktop/my/THEREALGAME_2/THEREALGAME.srcs/sources_1/new/top_level.v:48]
WARNING: [Synth 8-6104] Input port 'R' has an internal driver [C:/Users/jazze/Desktop/my/THEREALGAME_2/THEREALGAME.srcs/sources_1/new/top_level.v:48]
INFO: [Synth 8-6157] synthesizing module 'scoreState' [C:/Users/jazze/Desktop/my/THEREALGAME_2/THEREALGAME.srcs/sources_1/new/scoreState.v:3]
INFO: [Synth 8-6157] synthesizing module 'D_FF' [C:/Users/jazze/Desktop/my/THEREALGAME_2/THEREALGAME.srcs/sources_1/new/D_ff.v:3]
INFO: [Synth 8-6155] done synthesizing module 'D_FF' (6#1) [C:/Users/jazze/Desktop/my/THEREALGAME_2/THEREALGAME.srcs/sources_1/new/D_ff.v:3]
INFO: [Synth 8-6155] done synthesizing module 'scoreState' (7#1) [C:/Users/jazze/Desktop/my/THEREALGAME_2/THEREALGAME.srcs/sources_1/new/scoreState.v:3]
INFO: [Synth 8-6157] synthesizing module 'pixel_gen' [C:/Users/jazze/Desktop/my/THEREALGAME_2/THEREALGAME.srcs/sources_1/new/pixel_gen.v:134]
INFO: [Synth 8-6157] synthesizing module 'road' [C:/Users/jazze/Desktop/my/THEREALGAME_2/THEREALGAME.srcs/sources_1/new/road.v:23]
	Parameter MAX_X bound to: 512 - type: integer 
	Parameter MAX_Y bound to: 480 - type: integer 
	Parameter road_x_l bound to: 64 - type: integer 
	Parameter road_x_r bound to: 575 - type: integer 
	Parameter road_y_t bound to: 0 - type: integer 
	Parameter road_y_b bound to: 479 - type: integer 
	Parameter road_x_delta bound to: 120 - type: integer 
INFO: [Synth 8-6155] done synthesizing module 'road' (8#1) [C:/Users/jazze/Desktop/my/THEREALGAME_2/THEREALGAME.srcs/sources_1/new/road.v:23]
INFO: [Synth 8-6157] synthesizing module 'car' [C:/Users/jazze/Desktop/my/THEREALGAME_2/THEREALGAME.srcs/sources_1/new/car.v:23]
	Parameter MAX_X bound to: 640 - type: integer 
	Parameter MAX_Y bound to: 480 - type: integer 
	Parameter CAR_MAX_X bound to: 32 - type: integer 
	Parameter CAR_MAX_Y bound to: 64 - type: integer 
	Parameter car_y_t bound to: 410 - type: integer 
	Parameter car_y_b bound to: 473 - type: integer 
	Parameter CAR_VELOCITY bound to: 3'b010 
INFO: [Synth 8-6155] done synthesizing module 'car' (9#1) [C:/Users/jazze/Desktop/my/THEREALGAME_2/THEREALGAME.srcs/sources_1/new/car.v:23]
INFO: [Synth 8-6155] done synthesizing module 'pixel_gen' (10#1) [C:/Users/jazze/Desktop/my/THEREALGAME_2/THEREALGAME.srcs/sources_1/new/pixel_gen.v:134]
INFO: [Synth 8-6155] done synthesizing module 'TopLevelModule' (11#1) [C:/Users/jazze/Desktop/my/THEREALGAME_2/THEREALGAME.srcs/sources_1/new/top_level.v:4]
---------------------------------------------------------------------------------
Finished RTL Elaboration : Time (s): cpu = 00:00:09 ; elapsed = 00:00:07 . Memory (MB): peak = 3760.957 ; gain = 17.855
---------------------------------------------------------------------------------
---------------------------------------------------------------------------------
Start Handling Custom Attributes
---------------------------------------------------------------------------------
---------------------------------------------------------------------------------
Finished Handling Custom Attributes : Time (s): cpu = 00:00:09 ; elapsed = 00:00:08 . Memory (MB): peak = 3760.957 ; gain = 17.855
---------------------------------------------------------------------------------
---------------------------------------------------------------------------------
Finished RTL Optimization Phase 1 : Time (s): cpu = 00:00:09 ; elapsed = 00:00:08 . Memory (MB): peak = 3760.957 ; gain = 17.855
---------------------------------------------------------------------------------
Netlist sorting complete. Time (s): cpu = 00:00:00 ; elapsed = 00:00:00.015 . Memory (MB): peak = 3760.957 ; gain = 0.000
INFO: [Project 1-570] Preparing netlist for logic optimization

Processing XDC Constraints
Initializing timing engine
Parsing XDC File [C:/Users/jazze/Desktop/my/THEREALGAME_2/THEREALGAME.srcs/constrs_1/new/dsad.xdc]
Finished Parsing XDC File [C:/Users/jazze/Desktop/my/THEREALGAME_2/THEREALGAME.srcs/constrs_1/new/dsad.xdc]
Completed Processing XDC Constraints

INFO: [Opt 31-138] Pushed 0 inverter(s) to 0 load pin(s).
refresh_design: Time (s): cpu = 00:00:19 ; elapsed = 00:00:16 . Memory (MB): peak = 3760.957 ; gain = 17.855
update_compile_order -fileset sources_1
reset_run synth_1
WARNING: [Vivado 12-1017] Problems encountered:
1. Failed to delete one or more files in run directory C:/Users/jazze/Desktop/my/THEREALGAME_2/THEREALGAME.runs/synth_1

launch_runs impl_1 -jobs 2
[Fri Dec 10 20:12:56 2021] Launched synth_1...
Run output will be captured here: C:/Users/jazze/Desktop/my/THEREALGAME_2/THEREALGAME.runs/synth_1/runme.log
[Fri Dec 10 20:12:56 2021] Launched impl_1...
Run output will be captured here: C:/Users/jazze/Desktop/my/THEREALGAME_2/THEREALGAME.runs/impl_1/runme.log
close_design
launch_runs impl_1 -to_step write_bitstream -jobs 2
[Fri Dec 10 20:15:43 2021] Launched impl_1...
Run output will be captured here: C:/Users/jazze/Desktop/my/THEREALGAME_2/THEREALGAME.runs/impl_1/runme.log
set_property PROBES.FILE {} [get_hw_devices xc7a35t_0]
set_property FULL_PROBES.FILE {} [get_hw_devices xc7a35t_0]
set_property PROGRAM.FILE {C:/Users/jazze/Desktop/my/THEREALGAME_2/THEREALGAME.runs/impl_1/TopLevelModule.bit} [get_hw_devices xc7a35t_0]
program_hw_devices [get_hw_devices xc7a35t_0]
INFO: [Labtools 27-3164] End of startup status: HIGH
refresh_hw_device [lindex [get_hw_devices xc7a35t_0] 0]
INFO: [Labtools 27-1434] Device xc7a35t (JTAG device index = 0) is programmed with a design that has no supported debug core(s) in it.
close [ open C:/Users/jazze/Desktop/my/THEREALGAME_2/THEREALGAME.srcs/sources_1/new/time_text.v w ]
add_files C:/Users/jazze/Desktop/my/THEREALGAME_2/THEREALGAME.srcs/sources_1/new/time_text.v
close [ open C:/Users/jazze/Desktop/my/THEREALGAME_2/THEREALGAME.srcs/sources_1/new/gameover.v w ]
add_files C:/Users/jazze/Desktop/my/THEREALGAME_2/THEREALGAME.srcs/sources_1/new/gameover.v
close [ open C:/Users/jazze/Desktop/my/THEREALGAME_2/THEREALGAME.srcs/sources_1/new/start.v w ]
add_files C:/Users/jazze/Desktop/my/THEREALGAME_2/THEREALGAME.srcs/sources_1/new/start.v
close [ open C:/Users/jazze/Desktop/my/THEREALGAME_2/THEREALGAME.srcs/sources_1/new/finish.v w ]
add_files C:/Users/jazze/Desktop/my/THEREALGAME_2/THEREALGAME.srcs/sources_1/new/finish.v
close [ open C:/Users/jazze/Desktop/my/THEREALGAME_2/THEREALGAME.srcs/sources_1/new/font_rom.v w ]
add_files C:/Users/jazze/Desktop/my/THEREALGAME_2/THEREALGAME.srcs/sources_1/new/font_rom.v
update_compile_order -fileset sources_1
update_compile_order -fileset sources_1
reset_run synth_1
WARNING: [Vivado 12-1017] Problems encountered:
1. Failed to delete one or more files in run directory C:/Users/jazze/Desktop/my/THEREALGAME_2/THEREALGAME.runs/synth_1

launch_runs synth_1 -jobs 2
[Fri Dec 10 20:21:13 2021] Launched synth_1...
Run output will be captured here: C:/Users/jazze/Desktop/my/THEREALGAME_2/THEREALGAME.runs/synth_1/runme.log
reset_run synth_1
WARNING: [Vivado 12-1017] Problems encountered:
1. Failed to delete one or more files in run directory C:/Users/jazze/Desktop/my/THEREALGAME_2/THEREALGAME.runs/synth_1

launch_runs synth_1 -jobs 2
[Fri Dec 10 20:22:24 2021] Launched synth_1...
Run output will be captured here: C:/Users/jazze/Desktop/my/THEREALGAME_2/THEREALGAME.runs/synth_1/runme.log
launch_runs impl_1 -jobs 2
[Fri Dec 10 20:23:42 2021] Launched impl_1...
Run output will be captured here: C:/Users/jazze/Desktop/my/THEREALGAME_2/THEREALGAME.runs/impl_1/runme.log
launch_runs impl_1 -to_step write_bitstream -jobs 2
[Fri Dec 10 20:25:15 2021] Launched impl_1...
Run output will be captured here: C:/Users/jazze/Desktop/my/THEREALGAME_2/THEREALGAME.runs/impl_1/runme.log
set_property PROBES.FILE {} [get_hw_devices xc7a35t_0]
set_property FULL_PROBES.FILE {} [get_hw_devices xc7a35t_0]
set_property PROGRAM.FILE {C:/Users/jazze/Desktop/my/THEREALGAME_2/THEREALGAME.runs/impl_1/TopLevelModule.bit} [get_hw_devices xc7a35t_0]
program_hw_devices [get_hw_devices xc7a35t_0]
INFO: [Labtools 27-3164] End of startup status: HIGH
refresh_hw_device [lindex [get_hw_devices xc7a35t_0] 0]
INFO: [Labtools 27-1434] Device xc7a35t (JTAG device index = 0) is programmed with a design that has no supported debug core(s) in it.
close [ open C:/Users/jazze/Desktop/my/THEREALGAME_2/THEREALGAME.srcs/sources_1/new/game_state.v w ]
add_files C:/Users/jazze/Desktop/my/THEREALGAME_2/THEREALGAME.srcs/sources_1/new/game_state.v
update_compile_order -fileset sources_1
update_compile_order -fileset sources_1
reset_run synth_1
WARNING: [Vivado 12-1017] Problems encountered:
1. Failed to delete one or more files in run directory C:/Users/jazze/Desktop/my/THEREALGAME_2/THEREALGAME.runs/synth_1

launch_runs synth_1 -jobs 2
[Fri Dec 10 20:31:42 2021] Launched synth_1...
Run output will be captured here: C:/Users/jazze/Desktop/my/THEREALGAME_2/THEREALGAME.runs/synth_1/runme.log
launch_runs impl_1 -jobs 2
[Fri Dec 10 20:32:50 2021] Launched impl_1...
Run output will be captured here: C:/Users/jazze/Desktop/my/THEREALGAME_2/THEREALGAME.runs/impl_1/runme.log
launch_runs impl_1 -to_step write_bitstream -jobs 2
[Fri Dec 10 20:34:16 2021] Launched impl_1...
Run output will be captured here: C:/Users/jazze/Desktop/my/THEREALGAME_2/THEREALGAME.runs/impl_1/runme.log
set_property PROBES.FILE {} [get_hw_devices xc7a35t_0]
set_property FULL_PROBES.FILE {} [get_hw_devices xc7a35t_0]
set_property PROGRAM.FILE {C:/Users/jazze/Desktop/my/THEREALGAME_2/THEREALGAME.runs/impl_1/TopLevelModule.bit} [get_hw_devices xc7a35t_0]
program_hw_devices [get_hw_devices xc7a35t_0]
INFO: [Labtools 27-3164] End of startup status: HIGH
refresh_hw_device [lindex [get_hw_devices xc7a35t_0] 0]
INFO: [Labtools 27-1434] Device xc7a35t (JTAG device index = 0) is programmed with a design that has no supported debug core(s) in it.
reset_run impl_1 -prev_step 
launch_runs impl_1 -to_step write_bitstream -jobs 2
WARNING: [Vivado 12-872] Run step 'Design Initialization' is out-of-date.
[Fri Dec 10 20:36:16 2021] Launched impl_1...
Run output will be captured here: C:/Users/jazze/Desktop/my/THEREALGAME_2/THEREALGAME.runs/impl_1/runme.log
update_compile_order -fileset sources_1
set_property PROBES.FILE {} [get_hw_devices xc7a35t_0]
set_property FULL_PROBES.FILE {} [get_hw_devices xc7a35t_0]
set_property PROGRAM.FILE {C:/Users/jazze/Desktop/my/THEREALGAME_2/THEREALGAME.runs/impl_1/TopLevelModule.bit} [get_hw_devices xc7a35t_0]
program_hw_devices [get_hw_devices xc7a35t_0]
INFO: [Labtools 27-3164] End of startup status: HIGH
refresh_hw_device [lindex [get_hw_devices xc7a35t_0] 0]
INFO: [Labtools 27-1434] Device xc7a35t (JTAG device index = 0) is programmed with a design that has no supported debug core(s) in it.
reset_run synth_1
WARNING: [Vivado 12-1017] Problems encountered:
1. Failed to delete one or more files in run directory C:/Users/jazze/Desktop/my/THEREALGAME_2/THEREALGAME.runs/synth_1

launch_runs impl_1 -to_step write_bitstream -jobs 2
[Fri Dec 10 20:38:33 2021] Launched synth_1...
Run output will be captured here: C:/Users/jazze/Desktop/my/THEREALGAME_2/THEREALGAME.runs/synth_1/runme.log
[Fri Dec 10 20:38:34 2021] Launched impl_1...
Run output will be captured here: C:/Users/jazze/Desktop/my/THEREALGAME_2/THEREALGAME.runs/impl_1/runme.log
set_property PROBES.FILE {} [get_hw_devices xc7a35t_0]
set_property FULL_PROBES.FILE {} [get_hw_devices xc7a35t_0]
set_property PROGRAM.FILE {C:/Users/jazze/Desktop/my/THEREALGAME_2/THEREALGAME.runs/impl_1/TopLevelModule.bit} [get_hw_devices xc7a35t_0]
program_hw_devices [get_hw_devices xc7a35t_0]
INFO: [Labtools 27-3164] End of startup status: HIGH
refresh_hw_device [lindex [get_hw_devices xc7a35t_0] 0]
INFO: [Labtools 27-1434] Device xc7a35t (JTAG device index = 0) is programmed with a design that has no supported debug core(s) in it.
close_sim
INFO: [Simtcl 6-16] Simulation closed
launch_simulation
Command: launch_simulation 
INFO: [Vivado 12-5682] Launching behavioral simulation in 'C:/Users/jazze/Desktop/my/THEREALGAME_2/THEREALGAME.sim/sim_1/behav/xsim'
INFO: [SIM-utils-51] Simulation object is 'sim_1'
INFO: [SIM-utils-54] Inspecting design source files for 'CarState' in fileset 'sim_1'...
INFO: [USF-XSim-97] Finding global include files...
INFO: [USF-XSim-98] Fetching design files from 'sim_1'...
INFO: [USF-XSim-2] XSim::Compile design
INFO: [USF-XSim-61] Executing 'COMPILE and ANALYZE' step in 'C:/Users/jazze/Desktop/my/THEREALGAME_2/THEREALGAME.sim/sim_1/behav/xsim'
"xvlog --incr --relax -prj CarState_vlog.prj"
INFO: [USF-XSim-69] 'compile' step finished in '2' seconds
INFO: [USF-XSim-3] XSim::Elaborate design
INFO: [USF-XSim-61] Executing 'ELABORATE' step in 'C:/Users/jazze/Desktop/my/THEREALGAME_2/THEREALGAME.sim/sim_1/behav/xsim'
"xelab -wto 85de1b5cac274a038c341390b7b14898 --incr --debug typical --relax --mt 2 -L xil_defaultlib -L unisims_ver -L unimacro_ver -L secureip --snapshot CarState_behav xil_defaultlib.CarState xil_defaultlib.glbl -log elaborate.log"
Vivado Simulator 2020.1
Copyright 1986-1999, 2001-2020 Xilinx, Inc. All Rights Reserved.
Running: C:/Xilinx/Vivado/2020.1/bin/unwrapped/win64.o/xelab.exe -wto 85de1b5cac274a038c341390b7b14898 --incr --debug typical --relax --mt 2 -L xil_defaultlib -L unisims_ver -L unimacro_ver -L secureip --snapshot CarState_behav xil_defaultlib.CarState xil_defaultlib.glbl -log elaborate.log 
Using 2 slave threads.
Starting static elaboration
Pass Through NonSizing Optimizer
Completed static elaboration
INFO: [XSIM 43-4323] No Change in HDL. Linking previously generated obj files to create kernel
INFO: [USF-XSim-69] 'elaborate' step finished in '2' seconds
INFO: [USF-XSim-4] XSim::Simulate design
INFO: [USF-XSim-61] Executing 'SIMULATE' step in 'C:/Users/jazze/Desktop/my/THEREALGAME_2/THEREALGAME.sim/sim_1/behav/xsim'
INFO: [USF-XSim-98] *** Running xsim
   with args "CarState_behav -key {Behavioral:sim_1:Functional:CarState} -tclbatch {CarState.tcl} -log {simulate.log}"
INFO: [USF-XSim-8] Loading simulator feature
Vivado Simulator 2020.1
Time resolution is 1 ps
source CarState.tcl
# set curr_wave [current_wave_config]
# if { [string length $curr_wave] == 0 } {
#   if { [llength [get_objects]] > 0} {
#     add_wave /
#     set_property needs_save false [current_wave_config]
#   } else {
#      send_msg_id Add_Wave-1 WARNING "No top level signals found. Simulator will start without a wave window. If you want to open a wave window go to 'File->New Waveform Configuration' or type 'create_wave_config' in the TCL console."
#   }
# }
# run 1000ns
INFO: [USF-XSim-96] XSim completed. Design snapshot 'CarState_behav' loaded.
INFO: [USF-XSim-97] XSim simulation ran for 1000ns
launch_simulation: Time (s): cpu = 00:00:04 ; elapsed = 00:00:08 . Memory (MB): peak = 3760.957 ; gain = 0.000
synth_design -rtl -name rtl_1
Command: synth_design -rtl -name rtl_1
Starting synth_design
Using part: xc7a35tcpg236-1
Top: TopLevelModule
---------------------------------------------------------------------------------
Starting RTL Elaboration : Time (s): cpu = 00:00:06 ; elapsed = 00:00:06 . Memory (MB): peak = 3760.957 ; gain = 0.000
---------------------------------------------------------------------------------
INFO: [Synth 8-6157] synthesizing module 'TopLevelModule' [C:/Users/jazze/Desktop/my/THEREALGAME_2/THEREALGAME.srcs/sources_1/new/top_level.v:4]
INFO: [Synth 8-6157] synthesizing module 'clk_div' [C:/Users/jazze/Desktop/my/THEREALGAME_2/THEREALGAME.srcs/sources_1/new/clk_div.v:3]
	Parameter div bound to: 1 - type: integer 
INFO: [Synth 8-6155] done synthesizing module 'clk_div' (1#1) [C:/Users/jazze/Desktop/my/THEREALGAME_2/THEREALGAME.srcs/sources_1/new/clk_div.v:3]
INFO: [Synth 8-6157] synthesizing module 'h_count' [C:/Users/jazze/Desktop/my/THEREALGAME_2/THEREALGAME.srcs/sources_1/new/h_counter.v:2]
INFO: [Synth 8-6155] done synthesizing module 'h_count' (2#1) [C:/Users/jazze/Desktop/my/THEREALGAME_2/THEREALGAME.srcs/sources_1/new/h_counter.v:2]
INFO: [Synth 8-6157] synthesizing module 'v_count' [C:/Users/jazze/Desktop/my/THEREALGAME_2/THEREALGAME.srcs/sources_1/new/v_counter.v:1]
INFO: [Synth 8-6155] done synthesizing module 'v_count' (3#1) [C:/Users/jazze/Desktop/my/THEREALGAME_2/THEREALGAME.srcs/sources_1/new/v_counter.v:1]
INFO: [Synth 8-6157] synthesizing module 'vga_sync' [C:/Users/jazze/Desktop/my/THEREALGAME_2/THEREALGAME.srcs/sources_1/new/vga_sync.v:3]
	Parameter HD bound to: 640 - type: integer 
	Parameter HF bound to: 16 - type: integer 
	Parameter HB bound to: 48 - type: integer 
	Parameter HR bound to: 96 - type: integer 
	Parameter VD bound to: 480 - type: integer 
	Parameter VF bound to: 10 - type: integer 
	Parameter VB bound to: 33 - type: integer 
	Parameter VR bound to: 2 - type: integer 
INFO: [Synth 8-6155] done synthesizing module 'vga_sync' (4#1) [C:/Users/jazze/Desktop/my/THEREALGAME_2/THEREALGAME.srcs/sources_1/new/vga_sync.v:3]
INFO: [Synth 8-6157] synthesizing module 'scoreState' [C:/Users/jazze/Desktop/my/THEREALGAME_2/THEREALGAME.srcs/sources_1/new/scoreState.v:3]
INFO: [Synth 8-6157] synthesizing module 'D_FF' [C:/Users/jazze/Desktop/my/THEREALGAME_2/THEREALGAME.srcs/sources_1/new/D_ff.v:3]
INFO: [Synth 8-6155] done synthesizing module 'D_FF' (5#1) [C:/Users/jazze/Desktop/my/THEREALGAME_2/THEREALGAME.srcs/sources_1/new/D_ff.v:3]
INFO: [Synth 8-6155] done synthesizing module 'scoreState' (6#1) [C:/Users/jazze/Desktop/my/THEREALGAME_2/THEREALGAME.srcs/sources_1/new/scoreState.v:3]
INFO: [Synth 8-6157] synthesizing module 'pixel_gen' [C:/Users/jazze/Desktop/my/THEREALGAME_2/THEREALGAME.srcs/sources_1/new/pixel_gen.v:134]
INFO: [Synth 8-6157] synthesizing module 'text' [C:/Users/jazze/Desktop/my/THEREALGAME_2/THEREALGAME.srcs/sources_1/new/text.v:23]
INFO: [Synth 8-6157] synthesizing module 'font_rom' [C:/Users/jazze/Desktop/my/THEREALGAME_2/THEREALGAME.srcs/sources_1/new/font_rom.v:13]
INFO: [Synth 8-6155] done synthesizing module 'font_rom' (7#1) [C:/Users/jazze/Desktop/my/THEREALGAME_2/THEREALGAME.srcs/sources_1/new/font_rom.v:13]
INFO: [Synth 8-6157] synthesizing module 'time_text' [C:/Users/jazze/Desktop/my/THEREALGAME_2/THEREALGAME.srcs/sources_1/new/time_text.v:23]
INFO: [Synth 8-6155] done synthesizing module 'time_text' (8#1) [C:/Users/jazze/Desktop/my/THEREALGAME_2/THEREALGAME.srcs/sources_1/new/time_text.v:23]
INFO: [Synth 8-6157] synthesizing module 'start' [C:/Users/jazze/Desktop/my/THEREALGAME_2/THEREALGAME.srcs/sources_1/new/start.v:23]
INFO: [Synth 8-6155] done synthesizing module 'start' (9#1) [C:/Users/jazze/Desktop/my/THEREALGAME_2/THEREALGAME.srcs/sources_1/new/start.v:23]
INFO: [Synth 8-6157] synthesizing module 'finish' [C:/Users/jazze/Desktop/my/THEREALGAME_2/THEREALGAME.srcs/sources_1/new/finish.v:23]
INFO: [Synth 8-6155] done synthesizing module 'finish' (10#1) [C:/Users/jazze/Desktop/my/THEREALGAME_2/THEREALGAME.srcs/sources_1/new/finish.v:23]
INFO: [Synth 8-6157] synthesizing module 'game_over' [C:/Users/jazze/Desktop/my/THEREALGAME_2/THEREALGAME.srcs/sources_1/new/gameover.v:23]
INFO: [Synth 8-6155] done synthesizing module 'game_over' (11#1) [C:/Users/jazze/Desktop/my/THEREALGAME_2/THEREALGAME.srcs/sources_1/new/gameover.v:23]
INFO: [Synth 8-6155] done synthesizing module 'text' (12#1) [C:/Users/jazze/Desktop/my/THEREALGAME_2/THEREALGAME.srcs/sources_1/new/text.v:23]
INFO: [Synth 8-6157] synthesizing module 'road' [C:/Users/jazze/Desktop/my/THEREALGAME_2/THEREALGAME.srcs/sources_1/new/road.v:23]
	Parameter MAX_X bound to: 512 - type: integer 
	Parameter MAX_Y bound to: 480 - type: integer 
	Parameter road_x_l bound to: 64 - type: integer 
	Parameter road_x_r bound to: 575 - type: integer 
	Parameter road_y_t bound to: 0 - type: integer 
	Parameter road_y_b bound to: 479 - type: integer 
	Parameter road_x_delta bound to: 120 - type: integer 
INFO: [Synth 8-6155] done synthesizing module 'road' (13#1) [C:/Users/jazze/Desktop/my/THEREALGAME_2/THEREALGAME.srcs/sources_1/new/road.v:23]
INFO: [Synth 8-6157] synthesizing module 'car' [C:/Users/jazze/Desktop/my/THEREALGAME_2/THEREALGAME.srcs/sources_1/new/car.v:23]
	Parameter MAX_X bound to: 640 - type: integer 
	Parameter MAX_Y bound to: 480 - type: integer 
	Parameter CAR_MAX_X bound to: 32 - type: integer 
	Parameter CAR_MAX_Y bound to: 64 - type: integer 
	Parameter car_y_t bound to: 410 - type: integer 
	Parameter car_y_b bound to: 473 - type: integer 
	Parameter CAR_VELOCITY bound to: 3'b010 
INFO: [Synth 8-6155] done synthesizing module 'car' (14#1) [C:/Users/jazze/Desktop/my/THEREALGAME_2/THEREALGAME.srcs/sources_1/new/car.v:23]
INFO: [Synth 8-6155] done synthesizing module 'pixel_gen' (15#1) [C:/Users/jazze/Desktop/my/THEREALGAME_2/THEREALGAME.srcs/sources_1/new/pixel_gen.v:134]
WARNING: [Synth 8-689] width (10) of port connection 'crash_en' does not match port width (1) of module 'pixel_gen' [C:/Users/jazze/Desktop/my/THEREALGAME_2/THEREALGAME.srcs/sources_1/new/top_level.v:73]
WARNING: [Synth 8-689] width (10) of port connection 'finish_en' does not match port width (1) of module 'pixel_gen' [C:/Users/jazze/Desktop/my/THEREALGAME_2/THEREALGAME.srcs/sources_1/new/top_level.v:73]
WARNING: [Synth 8-689] width (12) of port connection 'finish_line' does not match port width (1) of module 'pixel_gen' [C:/Users/jazze/Desktop/my/THEREALGAME_2/THEREALGAME.srcs/sources_1/new/top_level.v:76]
WARNING: [Synth 8-7071] port 'car_on' of module 'pixel_gen' is unconnected for instance 'nolabel_line68' [C:/Users/jazze/Desktop/my/THEREALGAME_2/THEREALGAME.srcs/sources_1/new/top_level.v:68]
WARNING: [Synth 8-7071] port 'rgb_out' of module 'pixel_gen' is unconnected for instance 'nolabel_line68' [C:/Users/jazze/Desktop/my/THEREALGAME_2/THEREALGAME.srcs/sources_1/new/top_level.v:68]
WARNING: [Synth 8-7023] instance 'nolabel_line68' of module 'pixel_gen' has 16 connections declared, but only 14 given [C:/Users/jazze/Desktop/my/THEREALGAME_2/THEREALGAME.srcs/sources_1/new/top_level.v:68]
INFO: [Synth 8-6155] done synthesizing module 'TopLevelModule' (16#1) [C:/Users/jazze/Desktop/my/THEREALGAME_2/THEREALGAME.srcs/sources_1/new/top_level.v:4]
---------------------------------------------------------------------------------
Finished RTL Elaboration : Time (s): cpu = 00:00:07 ; elapsed = 00:00:08 . Memory (MB): peak = 3760.957 ; gain = 0.000
---------------------------------------------------------------------------------
---------------------------------------------------------------------------------
Start Handling Custom Attributes
---------------------------------------------------------------------------------
---------------------------------------------------------------------------------
Finished Handling Custom Attributes : Time (s): cpu = 00:00:08 ; elapsed = 00:00:08 . Memory (MB): peak = 3760.957 ; gain = 0.000
---------------------------------------------------------------------------------
---------------------------------------------------------------------------------
Finished RTL Optimization Phase 1 : Time (s): cpu = 00:00:08 ; elapsed = 00:00:08 . Memory (MB): peak = 3760.957 ; gain = 0.000
---------------------------------------------------------------------------------
Netlist sorting complete. Time (s): cpu = 00:00:00 ; elapsed = 00:00:00.021 . Memory (MB): peak = 3760.957 ; gain = 0.000
INFO: [Project 1-570] Preparing netlist for logic optimization
INFO: [Opt 31-141] Inserted 11 OBUFs to IO ports without IO buffers.

Processing XDC Constraints
Initializing timing engine
Parsing XDC File [C:/Users/jazze/Desktop/my/THEREALGAME_2/THEREALGAME.srcs/constrs_1/new/dsad.xdc]
WARNING: [Vivado 12-584] No ports matched 'R'. [C:/Users/jazze/Desktop/my/THEREALGAME_2/THEREALGAME.srcs/constrs_1/new/dsad.xdc:42]
CRITICAL WARNING: [Common 17-55] 'set_property' expects at least one object. [C:/Users/jazze/Desktop/my/THEREALGAME_2/THEREALGAME.srcs/constrs_1/new/dsad.xdc:42]
Resolution: If [get_<value>] was used to populate the object, check to make sure this command returns at least one valid object.
WARNING: [Vivado 12-584] No ports matched 'L'. [C:/Users/jazze/Desktop/my/THEREALGAME_2/THEREALGAME.srcs/constrs_1/new/dsad.xdc:44]
CRITICAL WARNING: [Common 17-55] 'set_property' expects at least one object. [C:/Users/jazze/Desktop/my/THEREALGAME_2/THEREALGAME.srcs/constrs_1/new/dsad.xdc:44]
Resolution: If [get_<value>] was used to populate the object, check to make sure this command returns at least one valid object.
WARNING: [Vivado 12-584] No ports matched 'L'. [C:/Users/jazze/Desktop/my/THEREALGAME_2/THEREALGAME.srcs/constrs_1/new/dsad.xdc:81]
CRITICAL WARNING: [Common 17-55] 'set_property' expects at least one object. [C:/Users/jazze/Desktop/my/THEREALGAME_2/THEREALGAME.srcs/constrs_1/new/dsad.xdc:81]
Resolution: If [get_<value>] was used to populate the object, check to make sure this command returns at least one valid object.
WARNING: [Vivado 12-584] No ports matched 'R'. [C:/Users/jazze/Desktop/my/THEREALGAME_2/THEREALGAME.srcs/constrs_1/new/dsad.xdc:82]
CRITICAL WARNING: [Common 17-55] 'set_property' expects at least one object. [C:/Users/jazze/Desktop/my/THEREALGAME_2/THEREALGAME.srcs/constrs_1/new/dsad.xdc:82]
Resolution: If [get_<value>] was used to populate the object, check to make sure this command returns at least one valid object.
Finished Parsing XDC File [C:/Users/jazze/Desktop/my/THEREALGAME_2/THEREALGAME.srcs/constrs_1/new/dsad.xdc]
Completed Processing XDC Constraints

INFO: [Opt 31-138] Pushed 0 inverter(s) to 0 load pin(s).
Netlist sorting complete. Time (s): cpu = 00:00:00 ; elapsed = 00:00:00 . Memory (MB): peak = 3760.957 ; gain = 0.000
INFO: [Project 1-111] Unisim Transformation Summary:
No Unisim elements were transformed.

RTL Elaboration Complete:  : Time (s): cpu = 00:00:16 ; elapsed = 00:00:14 . Memory (MB): peak = 3760.957 ; gain = 0.000
36 Infos, 10 Warnings, 4 Critical Warnings and 0 Errors encountered.
synth_design completed successfully
synth_design: Time (s): cpu = 00:00:16 ; elapsed = 00:00:14 . Memory (MB): peak = 3760.957 ; gain = 0.000
refresh_design
---------------------------------------------------------------------------------
Starting RTL Elaboration : Time (s): cpu = 00:00:06 ; elapsed = 00:00:06 . Memory (MB): peak = 3760.957 ; gain = 0.000
---------------------------------------------------------------------------------
INFO: [Synth 8-6157] synthesizing module 'TopLevelModule' [C:/Users/jazze/Desktop/my/THEREALGAME_2/THEREALGAME.srcs/sources_1/new/top_level.v:4]
INFO: [Synth 8-6157] synthesizing module 'clk_div' [C:/Users/jazze/Desktop/my/THEREALGAME_2/THEREALGAME.srcs/sources_1/new/clk_div.v:3]
	Parameter div bound to: 1 - type: integer 
INFO: [Synth 8-6155] done synthesizing module 'clk_div' (1#1) [C:/Users/jazze/Desktop/my/THEREALGAME_2/THEREALGAME.srcs/sources_1/new/clk_div.v:3]
INFO: [Synth 8-6157] synthesizing module 'h_count' [C:/Users/jazze/Desktop/my/THEREALGAME_2/THEREALGAME.srcs/sources_1/new/h_counter.v:2]
INFO: [Synth 8-6155] done synthesizing module 'h_count' (2#1) [C:/Users/jazze/Desktop/my/THEREALGAME_2/THEREALGAME.srcs/sources_1/new/h_counter.v:2]
INFO: [Synth 8-6157] synthesizing module 'v_count' [C:/Users/jazze/Desktop/my/THEREALGAME_2/THEREALGAME.srcs/sources_1/new/v_counter.v:1]
INFO: [Synth 8-6155] done synthesizing module 'v_count' (3#1) [C:/Users/jazze/Desktop/my/THEREALGAME_2/THEREALGAME.srcs/sources_1/new/v_counter.v:1]
INFO: [Synth 8-6157] synthesizing module 'vga_sync' [C:/Users/jazze/Desktop/my/THEREALGAME_2/THEREALGAME.srcs/sources_1/new/vga_sync.v:3]
	Parameter HD bound to: 640 - type: integer 
	Parameter HF bound to: 16 - type: integer 
	Parameter HB bound to: 48 - type: integer 
	Parameter HR bound to: 96 - type: integer 
	Parameter VD bound to: 480 - type: integer 
	Parameter VF bound to: 10 - type: integer 
	Parameter VB bound to: 33 - type: integer 
	Parameter VR bound to: 2 - type: integer 
INFO: [Synth 8-6155] done synthesizing module 'vga_sync' (4#1) [C:/Users/jazze/Desktop/my/THEREALGAME_2/THEREALGAME.srcs/sources_1/new/vga_sync.v:3]
INFO: [Synth 8-6157] synthesizing module 'scoreState' [C:/Users/jazze/Desktop/my/THEREALGAME_2/THEREALGAME.srcs/sources_1/new/scoreState.v:3]
INFO: [Synth 8-6157] synthesizing module 'D_FF' [C:/Users/jazze/Desktop/my/THEREALGAME_2/THEREALGAME.srcs/sources_1/new/D_ff.v:3]
INFO: [Synth 8-6155] done synthesizing module 'D_FF' (5#1) [C:/Users/jazze/Desktop/my/THEREALGAME_2/THEREALGAME.srcs/sources_1/new/D_ff.v:3]
INFO: [Synth 8-6155] done synthesizing module 'scoreState' (6#1) [C:/Users/jazze/Desktop/my/THEREALGAME_2/THEREALGAME.srcs/sources_1/new/scoreState.v:3]
INFO: [Synth 8-6157] synthesizing module 'pixel_gen' [C:/Users/jazze/Desktop/my/THEREALGAME_2/THEREALGAME.srcs/sources_1/new/pixel_gen.v:134]
INFO: [Synth 8-6157] synthesizing module 'text' [C:/Users/jazze/Desktop/my/THEREALGAME_2/THEREALGAME.srcs/sources_1/new/text.v:23]
INFO: [Synth 8-6157] synthesizing module 'font_rom' [C:/Users/jazze/Desktop/my/THEREALGAME_2/THEREALGAME.srcs/sources_1/new/font_rom.v:13]
INFO: [Synth 8-6155] done synthesizing module 'font_rom' (7#1) [C:/Users/jazze/Desktop/my/THEREALGAME_2/THEREALGAME.srcs/sources_1/new/font_rom.v:13]
INFO: [Synth 8-6157] synthesizing module 'time_text' [C:/Users/jazze/Desktop/my/THEREALGAME_2/THEREALGAME.srcs/sources_1/new/time_text.v:23]
INFO: [Synth 8-6155] done synthesizing module 'time_text' (8#1) [C:/Users/jazze/Desktop/my/THEREALGAME_2/THEREALGAME.srcs/sources_1/new/time_text.v:23]
INFO: [Synth 8-6157] synthesizing module 'start' [C:/Users/jazze/Desktop/my/THEREALGAME_2/THEREALGAME.srcs/sources_1/new/start.v:23]
INFO: [Synth 8-6155] done synthesizing module 'start' (9#1) [C:/Users/jazze/Desktop/my/THEREALGAME_2/THEREALGAME.srcs/sources_1/new/start.v:23]
INFO: [Synth 8-6157] synthesizing module 'finish' [C:/Users/jazze/Desktop/my/THEREALGAME_2/THEREALGAME.srcs/sources_1/new/finish.v:23]
INFO: [Synth 8-6155] done synthesizing module 'finish' (10#1) [C:/Users/jazze/Desktop/my/THEREALGAME_2/THEREALGAME.srcs/sources_1/new/finish.v:23]
INFO: [Synth 8-6157] synthesizing module 'game_over' [C:/Users/jazze/Desktop/my/THEREALGAME_2/THEREALGAME.srcs/sources_1/new/gameover.v:23]
INFO: [Synth 8-6155] done synthesizing module 'game_over' (11#1) [C:/Users/jazze/Desktop/my/THEREALGAME_2/THEREALGAME.srcs/sources_1/new/gameover.v:23]
INFO: [Synth 8-6155] done synthesizing module 'text' (12#1) [C:/Users/jazze/Desktop/my/THEREALGAME_2/THEREALGAME.srcs/sources_1/new/text.v:23]
INFO: [Synth 8-6157] synthesizing module 'road' [C:/Users/jazze/Desktop/my/THEREALGAME_2/THEREALGAME.srcs/sources_1/new/road.v:23]
	Parameter MAX_X bound to: 512 - type: integer 
	Parameter MAX_Y bound to: 480 - type: integer 
	Parameter road_x_l bound to: 64 - type: integer 
	Parameter road_x_r bound to: 575 - type: integer 
	Parameter road_y_t bound to: 0 - type: integer 
	Parameter road_y_b bound to: 479 - type: integer 
	Parameter road_x_delta bound to: 120 - type: integer 
INFO: [Synth 8-6155] done synthesizing module 'road' (13#1) [C:/Users/jazze/Desktop/my/THEREALGAME_2/THEREALGAME.srcs/sources_1/new/road.v:23]
INFO: [Synth 8-6157] synthesizing module 'car' [C:/Users/jazze/Desktop/my/THEREALGAME_2/THEREALGAME.srcs/sources_1/new/car.v:23]
	Parameter MAX_X bound to: 640 - type: integer 
	Parameter MAX_Y bound to: 480 - type: integer 
	Parameter CAR_MAX_X bound to: 32 - type: integer 
	Parameter CAR_MAX_Y bound to: 64 - type: integer 
	Parameter car_y_t bound to: 410 - type: integer 
	Parameter car_y_b bound to: 473 - type: integer 
	Parameter CAR_VELOCITY bound to: 3'b010 
INFO: [Synth 8-6155] done synthesizing module 'car' (14#1) [C:/Users/jazze/Desktop/my/THEREALGAME_2/THEREALGAME.srcs/sources_1/new/car.v:23]
INFO: [Synth 8-6155] done synthesizing module 'pixel_gen' (15#1) [C:/Users/jazze/Desktop/my/THEREALGAME_2/THEREALGAME.srcs/sources_1/new/pixel_gen.v:134]
WARNING: [Synth 8-689] width (10) of port connection 'crash_en' does not match port width (1) of module 'pixel_gen' [C:/Users/jazze/Desktop/my/THEREALGAME_2/THEREALGAME.srcs/sources_1/new/top_level.v:73]
WARNING: [Synth 8-689] width (10) of port connection 'finish_en' does not match port width (1) of module 'pixel_gen' [C:/Users/jazze/Desktop/my/THEREALGAME_2/THEREALGAME.srcs/sources_1/new/top_level.v:73]
WARNING: [Synth 8-689] width (12) of port connection 'finish_line' does not match port width (1) of module 'pixel_gen' [C:/Users/jazze/Desktop/my/THEREALGAME_2/THEREALGAME.srcs/sources_1/new/top_level.v:76]
WARNING: [Synth 8-7071] port 'car_on' of module 'pixel_gen' is unconnected for instance 'nolabel_line68' [C:/Users/jazze/Desktop/my/THEREALGAME_2/THEREALGAME.srcs/sources_1/new/top_level.v:68]
WARNING: [Synth 8-7071] port 'rgb_out' of module 'pixel_gen' is unconnected for instance 'nolabel_line68' [C:/Users/jazze/Desktop/my/THEREALGAME_2/THEREALGAME.srcs/sources_1/new/top_level.v:68]
WARNING: [Synth 8-7023] instance 'nolabel_line68' of module 'pixel_gen' has 16 connections declared, but only 14 given [C:/Users/jazze/Desktop/my/THEREALGAME_2/THEREALGAME.srcs/sources_1/new/top_level.v:68]
INFO: [Synth 8-6155] done synthesizing module 'TopLevelModule' (16#1) [C:/Users/jazze/Desktop/my/THEREALGAME_2/THEREALGAME.srcs/sources_1/new/top_level.v:4]
---------------------------------------------------------------------------------
Finished RTL Elaboration : Time (s): cpu = 00:00:07 ; elapsed = 00:00:07 . Memory (MB): peak = 3760.957 ; gain = 0.000
---------------------------------------------------------------------------------
---------------------------------------------------------------------------------
Start Handling Custom Attributes
---------------------------------------------------------------------------------
---------------------------------------------------------------------------------
Finished Handling Custom Attributes : Time (s): cpu = 00:00:08 ; elapsed = 00:00:08 . Memory (MB): peak = 3760.957 ; gain = 0.000
---------------------------------------------------------------------------------
---------------------------------------------------------------------------------
Finished RTL Optimization Phase 1 : Time (s): cpu = 00:00:08 ; elapsed = 00:00:08 . Memory (MB): peak = 3760.957 ; gain = 0.000
---------------------------------------------------------------------------------
Netlist sorting complete. Time (s): cpu = 00:00:00 ; elapsed = 00:00:00.029 . Memory (MB): peak = 3760.957 ; gain = 0.000
INFO: [Project 1-570] Preparing netlist for logic optimization
INFO: [Opt 31-141] Inserted 11 OBUFs to IO ports without IO buffers.

Processing XDC Constraints
Initializing timing engine
Parsing XDC File [C:/Users/jazze/Desktop/my/THEREALGAME_2/THEREALGAME.srcs/constrs_1/new/dsad.xdc]
WARNING: [Vivado 12-584] No ports matched 'R'. [C:/Users/jazze/Desktop/my/THEREALGAME_2/THEREALGAME.srcs/constrs_1/new/dsad.xdc:42]
CRITICAL WARNING: [Common 17-55] 'set_property' expects at least one object. [C:/Users/jazze/Desktop/my/THEREALGAME_2/THEREALGAME.srcs/constrs_1/new/dsad.xdc:42]
Resolution: If [get_<value>] was used to populate the object, check to make sure this command returns at least one valid object.
WARNING: [Vivado 12-584] No ports matched 'L'. [C:/Users/jazze/Desktop/my/THEREALGAME_2/THEREALGAME.srcs/constrs_1/new/dsad.xdc:44]
CRITICAL WARNING: [Common 17-55] 'set_property' expects at least one object. [C:/Users/jazze/Desktop/my/THEREALGAME_2/THEREALGAME.srcs/constrs_1/new/dsad.xdc:44]
Resolution: If [get_<value>] was used to populate the object, check to make sure this command returns at least one valid object.
WARNING: [Vivado 12-584] No ports matched 'L'. [C:/Users/jazze/Desktop/my/THEREALGAME_2/THEREALGAME.srcs/constrs_1/new/dsad.xdc:81]
CRITICAL WARNING: [Common 17-55] 'set_property' expects at least one object. [C:/Users/jazze/Desktop/my/THEREALGAME_2/THEREALGAME.srcs/constrs_1/new/dsad.xdc:81]
Resolution: If [get_<value>] was used to populate the object, check to make sure this command returns at least one valid object.
WARNING: [Vivado 12-584] No ports matched 'R'. [C:/Users/jazze/Desktop/my/THEREALGAME_2/THEREALGAME.srcs/constrs_1/new/dsad.xdc:82]
CRITICAL WARNING: [Common 17-55] 'set_property' expects at least one object. [C:/Users/jazze/Desktop/my/THEREALGAME_2/THEREALGAME.srcs/constrs_1/new/dsad.xdc:82]
Resolution: If [get_<value>] was used to populate the object, check to make sure this command returns at least one valid object.
Finished Parsing XDC File [C:/Users/jazze/Desktop/my/THEREALGAME_2/THEREALGAME.srcs/constrs_1/new/dsad.xdc]
Completed Processing XDC Constraints

INFO: [Opt 31-138] Pushed 0 inverter(s) to 0 load pin(s).
refresh_design: Time (s): cpu = 00:00:19 ; elapsed = 00:00:17 . Memory (MB): peak = 3760.957 ; gain = 0.000
refresh_design
---------------------------------------------------------------------------------
Starting RTL Elaboration : Time (s): cpu = 00:00:06 ; elapsed = 00:00:06 . Memory (MB): peak = 3760.957 ; gain = 0.000
---------------------------------------------------------------------------------
INFO: [Synth 8-6157] synthesizing module 'TopLevelModule' [C:/Users/jazze/Desktop/my/THEREALGAME_2/THEREALGAME.srcs/sources_1/new/top_level.v:4]
INFO: [Synth 8-6157] synthesizing module 'clk_div' [C:/Users/jazze/Desktop/my/THEREALGAME_2/THEREALGAME.srcs/sources_1/new/clk_div.v:3]
	Parameter div bound to: 1 - type: integer 
INFO: [Synth 8-6155] done synthesizing module 'clk_div' (1#1) [C:/Users/jazze/Desktop/my/THEREALGAME_2/THEREALGAME.srcs/sources_1/new/clk_div.v:3]
INFO: [Synth 8-6157] synthesizing module 'h_count' [C:/Users/jazze/Desktop/my/THEREALGAME_2/THEREALGAME.srcs/sources_1/new/h_counter.v:2]
INFO: [Synth 8-6155] done synthesizing module 'h_count' (2#1) [C:/Users/jazze/Desktop/my/THEREALGAME_2/THEREALGAME.srcs/sources_1/new/h_counter.v:2]
INFO: [Synth 8-6157] synthesizing module 'v_count' [C:/Users/jazze/Desktop/my/THEREALGAME_2/THEREALGAME.srcs/sources_1/new/v_counter.v:1]
INFO: [Synth 8-6155] done synthesizing module 'v_count' (3#1) [C:/Users/jazze/Desktop/my/THEREALGAME_2/THEREALGAME.srcs/sources_1/new/v_counter.v:1]
INFO: [Synth 8-6157] synthesizing module 'vga_sync' [C:/Users/jazze/Desktop/my/THEREALGAME_2/THEREALGAME.srcs/sources_1/new/vga_sync.v:3]
	Parameter HD bound to: 640 - type: integer 
	Parameter HF bound to: 16 - type: integer 
	Parameter HB bound to: 48 - type: integer 
	Parameter HR bound to: 96 - type: integer 
	Parameter VD bound to: 480 - type: integer 
	Parameter VF bound to: 10 - type: integer 
	Parameter VB bound to: 33 - type: integer 
	Parameter VR bound to: 2 - type: integer 
INFO: [Synth 8-6155] done synthesizing module 'vga_sync' (4#1) [C:/Users/jazze/Desktop/my/THEREALGAME_2/THEREALGAME.srcs/sources_1/new/vga_sync.v:3]
INFO: [Synth 8-6157] synthesizing module 'scoreState' [C:/Users/jazze/Desktop/my/THEREALGAME_2/THEREALGAME.srcs/sources_1/new/scoreState.v:3]
INFO: [Synth 8-6157] synthesizing module 'D_FF' [C:/Users/jazze/Desktop/my/THEREALGAME_2/THEREALGAME.srcs/sources_1/new/D_ff.v:3]
INFO: [Synth 8-6155] done synthesizing module 'D_FF' (5#1) [C:/Users/jazze/Desktop/my/THEREALGAME_2/THEREALGAME.srcs/sources_1/new/D_ff.v:3]
INFO: [Synth 8-6155] done synthesizing module 'scoreState' (6#1) [C:/Users/jazze/Desktop/my/THEREALGAME_2/THEREALGAME.srcs/sources_1/new/scoreState.v:3]
INFO: [Synth 8-6157] synthesizing module 'pixel_gen' [C:/Users/jazze/Desktop/my/THEREALGAME_2/THEREALGAME.srcs/sources_1/new/pixel_gen.v:134]
INFO: [Synth 8-6157] synthesizing module 'text' [C:/Users/jazze/Desktop/my/THEREALGAME_2/THEREALGAME.srcs/sources_1/new/text.v:23]
INFO: [Synth 8-6157] synthesizing module 'font_rom' [C:/Users/jazze/Desktop/my/THEREALGAME_2/THEREALGAME.srcs/sources_1/new/font_rom.v:13]
INFO: [Synth 8-6155] done synthesizing module 'font_rom' (7#1) [C:/Users/jazze/Desktop/my/THEREALGAME_2/THEREALGAME.srcs/sources_1/new/font_rom.v:13]
INFO: [Synth 8-6157] synthesizing module 'time_text' [C:/Users/jazze/Desktop/my/THEREALGAME_2/THEREALGAME.srcs/sources_1/new/time_text.v:23]
INFO: [Synth 8-6155] done synthesizing module 'time_text' (8#1) [C:/Users/jazze/Desktop/my/THEREALGAME_2/THEREALGAME.srcs/sources_1/new/time_text.v:23]
INFO: [Synth 8-6157] synthesizing module 'start' [C:/Users/jazze/Desktop/my/THEREALGAME_2/THEREALGAME.srcs/sources_1/new/start.v:23]
INFO: [Synth 8-6155] done synthesizing module 'start' (9#1) [C:/Users/jazze/Desktop/my/THEREALGAME_2/THEREALGAME.srcs/sources_1/new/start.v:23]
INFO: [Synth 8-6157] synthesizing module 'finish' [C:/Users/jazze/Desktop/my/THEREALGAME_2/THEREALGAME.srcs/sources_1/new/finish.v:23]
INFO: [Synth 8-6155] done synthesizing module 'finish' (10#1) [C:/Users/jazze/Desktop/my/THEREALGAME_2/THEREALGAME.srcs/sources_1/new/finish.v:23]
INFO: [Synth 8-6157] synthesizing module 'game_over' [C:/Users/jazze/Desktop/my/THEREALGAME_2/THEREALGAME.srcs/sources_1/new/gameover.v:23]
INFO: [Synth 8-6155] done synthesizing module 'game_over' (11#1) [C:/Users/jazze/Desktop/my/THEREALGAME_2/THEREALGAME.srcs/sources_1/new/gameover.v:23]
INFO: [Synth 8-6155] done synthesizing module 'text' (12#1) [C:/Users/jazze/Desktop/my/THEREALGAME_2/THEREALGAME.srcs/sources_1/new/text.v:23]
INFO: [Synth 8-6157] synthesizing module 'road' [C:/Users/jazze/Desktop/my/THEREALGAME_2/THEREALGAME.srcs/sources_1/new/road.v:23]
	Parameter MAX_X bound to: 512 - type: integer 
	Parameter MAX_Y bound to: 480 - type: integer 
	Parameter road_x_l bound to: 64 - type: integer 
	Parameter road_x_r bound to: 575 - type: integer 
	Parameter road_y_t bound to: 0 - type: integer 
	Parameter road_y_b bound to: 479 - type: integer 
	Parameter road_x_delta bound to: 120 - type: integer 
INFO: [Synth 8-6155] done synthesizing module 'road' (13#1) [C:/Users/jazze/Desktop/my/THEREALGAME_2/THEREALGAME.srcs/sources_1/new/road.v:23]
INFO: [Synth 8-6157] synthesizing module 'car' [C:/Users/jazze/Desktop/my/THEREALGAME_2/THEREALGAME.srcs/sources_1/new/car.v:23]
	Parameter MAX_X bound to: 640 - type: integer 
	Parameter MAX_Y bound to: 480 - type: integer 
	Parameter CAR_MAX_X bound to: 32 - type: integer 
	Parameter CAR_MAX_Y bound to: 64 - type: integer 
	Parameter car_y_t bound to: 410 - type: integer 
	Parameter car_y_b bound to: 473 - type: integer 
	Parameter CAR_VELOCITY bound to: 3'b010 
INFO: [Synth 8-6155] done synthesizing module 'car' (14#1) [C:/Users/jazze/Desktop/my/THEREALGAME_2/THEREALGAME.srcs/sources_1/new/car.v:23]
INFO: [Synth 8-6155] done synthesizing module 'pixel_gen' (15#1) [C:/Users/jazze/Desktop/my/THEREALGAME_2/THEREALGAME.srcs/sources_1/new/pixel_gen.v:134]
INFO: [Synth 8-6155] done synthesizing module 'TopLevelModule' (16#1) [C:/Users/jazze/Desktop/my/THEREALGAME_2/THEREALGAME.srcs/sources_1/new/top_level.v:4]
---------------------------------------------------------------------------------
Finished RTL Elaboration : Time (s): cpu = 00:00:07 ; elapsed = 00:00:08 . Memory (MB): peak = 3760.957 ; gain = 0.000
---------------------------------------------------------------------------------
---------------------------------------------------------------------------------
Start Handling Custom Attributes
---------------------------------------------------------------------------------
---------------------------------------------------------------------------------
Finished Handling Custom Attributes : Time (s): cpu = 00:00:08 ; elapsed = 00:00:08 . Memory (MB): peak = 3760.957 ; gain = 0.000
---------------------------------------------------------------------------------
---------------------------------------------------------------------------------
Finished RTL Optimization Phase 1 : Time (s): cpu = 00:00:08 ; elapsed = 00:00:08 . Memory (MB): peak = 3760.957 ; gain = 0.000
---------------------------------------------------------------------------------
Netlist sorting complete. Time (s): cpu = 00:00:00 ; elapsed = 00:00:00.021 . Memory (MB): peak = 3760.957 ; gain = 0.000
INFO: [Project 1-570] Preparing netlist for logic optimization

Processing XDC Constraints
Initializing timing engine
Parsing XDC File [C:/Users/jazze/Desktop/my/THEREALGAME_2/THEREALGAME.srcs/constrs_1/new/dsad.xdc]
WARNING: [Vivado 12-584] No ports matched 'R'. [C:/Users/jazze/Desktop/my/THEREALGAME_2/THEREALGAME.srcs/constrs_1/new/dsad.xdc:42]
CRITICAL WARNING: [Common 17-55] 'set_property' expects at least one object. [C:/Users/jazze/Desktop/my/THEREALGAME_2/THEREALGAME.srcs/constrs_1/new/dsad.xdc:42]
Resolution: If [get_<value>] was used to populate the object, check to make sure this command returns at least one valid object.
WARNING: [Vivado 12-584] No ports matched 'L'. [C:/Users/jazze/Desktop/my/THEREALGAME_2/THEREALGAME.srcs/constrs_1/new/dsad.xdc:44]
CRITICAL WARNING: [Common 17-55] 'set_property' expects at least one object. [C:/Users/jazze/Desktop/my/THEREALGAME_2/THEREALGAME.srcs/constrs_1/new/dsad.xdc:44]
Resolution: If [get_<value>] was used to populate the object, check to make sure this command returns at least one valid object.
WARNING: [Vivado 12-584] No ports matched 'L'. [C:/Users/jazze/Desktop/my/THEREALGAME_2/THEREALGAME.srcs/constrs_1/new/dsad.xdc:81]
CRITICAL WARNING: [Common 17-55] 'set_property' expects at least one object. [C:/Users/jazze/Desktop/my/THEREALGAME_2/THEREALGAME.srcs/constrs_1/new/dsad.xdc:81]
Resolution: If [get_<value>] was used to populate the object, check to make sure this command returns at least one valid object.
WARNING: [Vivado 12-584] No ports matched 'R'. [C:/Users/jazze/Desktop/my/THEREALGAME_2/THEREALGAME.srcs/constrs_1/new/dsad.xdc:82]
CRITICAL WARNING: [Common 17-55] 'set_property' expects at least one object. [C:/Users/jazze/Desktop/my/THEREALGAME_2/THEREALGAME.srcs/constrs_1/new/dsad.xdc:82]
Resolution: If [get_<value>] was used to populate the object, check to make sure this command returns at least one valid object.
Finished Parsing XDC File [C:/Users/jazze/Desktop/my/THEREALGAME_2/THEREALGAME.srcs/constrs_1/new/dsad.xdc]
Completed Processing XDC Constraints

INFO: [Opt 31-138] Pushed 0 inverter(s) to 0 load pin(s).
refresh_design: Time (s): cpu = 00:00:18 ; elapsed = 00:00:16 . Memory (MB): peak = 3760.957 ; gain = 0.000
update_compile_order -fileset sources_1
refresh_design
---------------------------------------------------------------------------------
Starting RTL Elaboration : Time (s): cpu = 00:00:06 ; elapsed = 00:00:06 . Memory (MB): peak = 3760.957 ; gain = 0.000
---------------------------------------------------------------------------------
INFO: [Synth 8-6157] synthesizing module 'TopLevelModule' [C:/Users/jazze/Desktop/my/THEREALGAME_2/THEREALGAME.srcs/sources_1/new/top_level.v:4]
INFO: [Synth 8-6157] synthesizing module 'clk_div' [C:/Users/jazze/Desktop/my/THEREALGAME_2/THEREALGAME.srcs/sources_1/new/clk_div.v:3]
	Parameter div bound to: 1 - type: integer 
INFO: [Synth 8-6155] done synthesizing module 'clk_div' (1#1) [C:/Users/jazze/Desktop/my/THEREALGAME_2/THEREALGAME.srcs/sources_1/new/clk_div.v:3]
INFO: [Synth 8-6157] synthesizing module 'h_count' [C:/Users/jazze/Desktop/my/THEREALGAME_2/THEREALGAME.srcs/sources_1/new/h_counter.v:2]
INFO: [Synth 8-6155] done synthesizing module 'h_count' (2#1) [C:/Users/jazze/Desktop/my/THEREALGAME_2/THEREALGAME.srcs/sources_1/new/h_counter.v:2]
INFO: [Synth 8-6157] synthesizing module 'v_count' [C:/Users/jazze/Desktop/my/THEREALGAME_2/THEREALGAME.srcs/sources_1/new/v_counter.v:1]
INFO: [Synth 8-6155] done synthesizing module 'v_count' (3#1) [C:/Users/jazze/Desktop/my/THEREALGAME_2/THEREALGAME.srcs/sources_1/new/v_counter.v:1]
INFO: [Synth 8-6157] synthesizing module 'vga_sync' [C:/Users/jazze/Desktop/my/THEREALGAME_2/THEREALGAME.srcs/sources_1/new/vga_sync.v:3]
	Parameter HD bound to: 640 - type: integer 
	Parameter HF bound to: 16 - type: integer 
	Parameter HB bound to: 48 - type: integer 
	Parameter HR bound to: 96 - type: integer 
	Parameter VD bound to: 480 - type: integer 
	Parameter VF bound to: 10 - type: integer 
	Parameter VB bound to: 33 - type: integer 
	Parameter VR bound to: 2 - type: integer 
INFO: [Synth 8-6155] done synthesizing module 'vga_sync' (4#1) [C:/Users/jazze/Desktop/my/THEREALGAME_2/THEREALGAME.srcs/sources_1/new/vga_sync.v:3]
INFO: [Synth 8-6157] synthesizing module 'scoreState' [C:/Users/jazze/Desktop/my/THEREALGAME_2/THEREALGAME.srcs/sources_1/new/scoreState.v:3]
INFO: [Synth 8-6157] synthesizing module 'D_FF' [C:/Users/jazze/Desktop/my/THEREALGAME_2/THEREALGAME.srcs/sources_1/new/D_ff.v:3]
INFO: [Synth 8-6155] done synthesizing module 'D_FF' (5#1) [C:/Users/jazze/Desktop/my/THEREALGAME_2/THEREALGAME.srcs/sources_1/new/D_ff.v:3]
INFO: [Synth 8-6155] done synthesizing module 'scoreState' (6#1) [C:/Users/jazze/Desktop/my/THEREALGAME_2/THEREALGAME.srcs/sources_1/new/scoreState.v:3]
INFO: [Synth 8-6157] synthesizing module 'pixel_gen' [C:/Users/jazze/Desktop/my/THEREALGAME_2/THEREALGAME.srcs/sources_1/new/pixel_gen.v:134]
INFO: [Synth 8-6157] synthesizing module 'text' [C:/Users/jazze/Desktop/my/THEREALGAME_2/THEREALGAME.srcs/sources_1/new/text.v:23]
INFO: [Synth 8-6157] synthesizing module 'font_rom' [C:/Users/jazze/Desktop/my/THEREALGAME_2/THEREALGAME.srcs/sources_1/new/font_rom.v:13]
INFO: [Synth 8-6155] done synthesizing module 'font_rom' (7#1) [C:/Users/jazze/Desktop/my/THEREALGAME_2/THEREALGAME.srcs/sources_1/new/font_rom.v:13]
INFO: [Synth 8-6157] synthesizing module 'time_text' [C:/Users/jazze/Desktop/my/THEREALGAME_2/THEREALGAME.srcs/sources_1/new/time_text.v:23]
INFO: [Synth 8-6155] done synthesizing module 'time_text' (8#1) [C:/Users/jazze/Desktop/my/THEREALGAME_2/THEREALGAME.srcs/sources_1/new/time_text.v:23]
INFO: [Synth 8-6157] synthesizing module 'start' [C:/Users/jazze/Desktop/my/THEREALGAME_2/THEREALGAME.srcs/sources_1/new/start.v:23]
INFO: [Synth 8-6155] done synthesizing module 'start' (9#1) [C:/Users/jazze/Desktop/my/THEREALGAME_2/THEREALGAME.srcs/sources_1/new/start.v:23]
INFO: [Synth 8-6157] synthesizing module 'finish' [C:/Users/jazze/Desktop/my/THEREALGAME_2/THEREALGAME.srcs/sources_1/new/finish.v:23]
INFO: [Synth 8-6155] done synthesizing module 'finish' (10#1) [C:/Users/jazze/Desktop/my/THEREALGAME_2/THEREALGAME.srcs/sources_1/new/finish.v:23]
INFO: [Synth 8-6157] synthesizing module 'game_over' [C:/Users/jazze/Desktop/my/THEREALGAME_2/THEREALGAME.srcs/sources_1/new/gameover.v:23]
INFO: [Synth 8-6155] done synthesizing module 'game_over' (11#1) [C:/Users/jazze/Desktop/my/THEREALGAME_2/THEREALGAME.srcs/sources_1/new/gameover.v:23]
INFO: [Synth 8-6155] done synthesizing module 'text' (12#1) [C:/Users/jazze/Desktop/my/THEREALGAME_2/THEREALGAME.srcs/sources_1/new/text.v:23]
INFO: [Synth 8-6157] synthesizing module 'road' [C:/Users/jazze/Desktop/my/THEREALGAME_2/THEREALGAME.srcs/sources_1/new/road.v:23]
	Parameter MAX_X bound to: 512 - type: integer 
	Parameter MAX_Y bound to: 480 - type: integer 
	Parameter road_x_l bound to: 64 - type: integer 
	Parameter road_x_r bound to: 575 - type: integer 
	Parameter road_y_t bound to: 0 - type: integer 
	Parameter road_y_b bound to: 479 - type: integer 
	Parameter road_x_delta bound to: 120 - type: integer 
INFO: [Synth 8-6155] done synthesizing module 'road' (13#1) [C:/Users/jazze/Desktop/my/THEREALGAME_2/THEREALGAME.srcs/sources_1/new/road.v:23]
INFO: [Synth 8-6157] synthesizing module 'car' [C:/Users/jazze/Desktop/my/THEREALGAME_2/THEREALGAME.srcs/sources_1/new/car.v:23]
	Parameter MAX_X bound to: 640 - type: integer 
	Parameter MAX_Y bound to: 480 - type: integer 
	Parameter CAR_MAX_X bound to: 32 - type: integer 
	Parameter CAR_MAX_Y bound to: 64 - type: integer 
	Parameter car_y_t bound to: 410 - type: integer 
	Parameter car_y_b bound to: 473 - type: integer 
	Parameter CAR_VELOCITY bound to: 3'b010 
INFO: [Synth 8-6155] done synthesizing module 'car' (14#1) [C:/Users/jazze/Desktop/my/THEREALGAME_2/THEREALGAME.srcs/sources_1/new/car.v:23]
INFO: [Synth 8-6155] done synthesizing module 'pixel_gen' (15#1) [C:/Users/jazze/Desktop/my/THEREALGAME_2/THEREALGAME.srcs/sources_1/new/pixel_gen.v:134]
INFO: [Synth 8-6157] synthesizing module 'game_state' [C:/Users/jazze/Desktop/my/THEREALGAME_2/THEREALGAME.srcs/sources_1/new/game_state.v:23]
INFO: [Synth 8-6155] done synthesizing module 'game_state' (16#1) [C:/Users/jazze/Desktop/my/THEREALGAME_2/THEREALGAME.srcs/sources_1/new/game_state.v:23]
INFO: [Synth 8-6155] done synthesizing module 'TopLevelModule' (17#1) [C:/Users/jazze/Desktop/my/THEREALGAME_2/THEREALGAME.srcs/sources_1/new/top_level.v:4]
---------------------------------------------------------------------------------
Finished RTL Elaboration : Time (s): cpu = 00:00:07 ; elapsed = 00:00:07 . Memory (MB): peak = 3760.957 ; gain = 0.000
---------------------------------------------------------------------------------
---------------------------------------------------------------------------------
Start Handling Custom Attributes
---------------------------------------------------------------------------------
---------------------------------------------------------------------------------
Finished Handling Custom Attributes : Time (s): cpu = 00:00:08 ; elapsed = 00:00:08 . Memory (MB): peak = 3760.957 ; gain = 0.000
---------------------------------------------------------------------------------
---------------------------------------------------------------------------------
Finished RTL Optimization Phase 1 : Time (s): cpu = 00:00:08 ; elapsed = 00:00:08 . Memory (MB): peak = 3760.957 ; gain = 0.000
---------------------------------------------------------------------------------
Netlist sorting complete. Time (s): cpu = 00:00:00 ; elapsed = 00:00:00.022 . Memory (MB): peak = 3760.957 ; gain = 0.000
INFO: [Project 1-570] Preparing netlist for logic optimization

Processing XDC Constraints
Initializing timing engine
Parsing XDC File [C:/Users/jazze/Desktop/my/THEREALGAME_2/THEREALGAME.srcs/constrs_1/new/dsad.xdc]
WARNING: [Vivado 12-584] No ports matched 'R'. [C:/Users/jazze/Desktop/my/THEREALGAME_2/THEREALGAME.srcs/constrs_1/new/dsad.xdc:42]
CRITICAL WARNING: [Common 17-55] 'set_property' expects at least one object. [C:/Users/jazze/Desktop/my/THEREALGAME_2/THEREALGAME.srcs/constrs_1/new/dsad.xdc:42]
Resolution: If [get_<value>] was used to populate the object, check to make sure this command returns at least one valid object.
WARNING: [Vivado 12-584] No ports matched 'L'. [C:/Users/jazze/Desktop/my/THEREALGAME_2/THEREALGAME.srcs/constrs_1/new/dsad.xdc:44]
CRITICAL WARNING: [Common 17-55] 'set_property' expects at least one object. [C:/Users/jazze/Desktop/my/THEREALGAME_2/THEREALGAME.srcs/constrs_1/new/dsad.xdc:44]
Resolution: If [get_<value>] was used to populate the object, check to make sure this command returns at least one valid object.
WARNING: [Vivado 12-584] No ports matched 'L'. [C:/Users/jazze/Desktop/my/THEREALGAME_2/THEREALGAME.srcs/constrs_1/new/dsad.xdc:81]
CRITICAL WARNING: [Common 17-55] 'set_property' expects at least one object. [C:/Users/jazze/Desktop/my/THEREALGAME_2/THEREALGAME.srcs/constrs_1/new/dsad.xdc:81]
Resolution: If [get_<value>] was used to populate the object, check to make sure this command returns at least one valid object.
WARNING: [Vivado 12-584] No ports matched 'R'. [C:/Users/jazze/Desktop/my/THEREALGAME_2/THEREALGAME.srcs/constrs_1/new/dsad.xdc:82]
CRITICAL WARNING: [Common 17-55] 'set_property' expects at least one object. [C:/Users/jazze/Desktop/my/THEREALGAME_2/THEREALGAME.srcs/constrs_1/new/dsad.xdc:82]
Resolution: If [get_<value>] was used to populate the object, check to make sure this command returns at least one valid object.
Finished Parsing XDC File [C:/Users/jazze/Desktop/my/THEREALGAME_2/THEREALGAME.srcs/constrs_1/new/dsad.xdc]
Completed Processing XDC Constraints

INFO: [Opt 31-138] Pushed 0 inverter(s) to 0 load pin(s).
refresh_design: Time (s): cpu = 00:00:18 ; elapsed = 00:00:16 . Memory (MB): peak = 3760.957 ; gain = 0.000
place_ports reset V17
set_property IOSTANDARD LVCMOS33 [get_ports [list reset]]
save_constraints
reset_run synth_1
WARNING: [Vivado 12-1017] Problems encountered:
1. Failed to delete one or more files in run directory C:/Users/jazze/Desktop/my/THEREALGAME_2/THEREALGAME.runs/synth_1

launch_runs impl_1 -to_step write_bitstream -jobs 2
[Fri Dec 10 20:48:47 2021] Launched synth_1...
Run output will be captured here: C:/Users/jazze/Desktop/my/THEREALGAME_2/THEREALGAME.runs/synth_1/runme.log
[Fri Dec 10 20:48:47 2021] Launched impl_1...
Run output will be captured here: C:/Users/jazze/Desktop/my/THEREALGAME_2/THEREALGAME.runs/impl_1/runme.log
set_property PROBES.FILE {} [get_hw_devices xc7a35t_0]
set_property FULL_PROBES.FILE {} [get_hw_devices xc7a35t_0]
set_property PROGRAM.FILE {C:/Users/jazze/Desktop/my/THEREALGAME_2/THEREALGAME.runs/impl_1/TopLevelModule.bit} [get_hw_devices xc7a35t_0]
program_hw_devices [get_hw_devices xc7a35t_0]
INFO: [Labtools 27-3164] End of startup status: HIGH
refresh_hw_device [lindex [get_hw_devices xc7a35t_0] 0]
INFO: [Labtools 27-1434] Device xc7a35t (JTAG device index = 0) is programmed with a design that has no supported debug core(s) in it.
reset_run synth_1
WARNING: [Vivado 12-1017] Problems encountered:
1. Failed to delete one or more files in run directory C:/Users/jazze/Desktop/my/THEREALGAME_2/THEREALGAME.runs/synth_1

launch_runs impl_1 -to_step write_bitstream -jobs 2
[Fri Dec 10 20:52:33 2021] Launched synth_1...
Run output will be captured here: C:/Users/jazze/Desktop/my/THEREALGAME_2/THEREALGAME.runs/synth_1/runme.log
[Fri Dec 10 20:52:33 2021] Launched impl_1...
Run output will be captured here: C:/Users/jazze/Desktop/my/THEREALGAME_2/THEREALGAME.runs/impl_1/runme.log
set_property PROBES.FILE {} [get_hw_devices xc7a35t_0]
set_property FULL_PROBES.FILE {} [get_hw_devices xc7a35t_0]
set_property PROGRAM.FILE {C:/Users/jazze/Desktop/my/THEREALGAME_2/THEREALGAME.runs/impl_1/TopLevelModule.bit} [get_hw_devices xc7a35t_0]
program_hw_devices [get_hw_devices xc7a35t_0]
INFO: [Labtools 27-3164] End of startup status: HIGH
refresh_hw_device [lindex [get_hw_devices xc7a35t_0] 0]
INFO: [Labtools 27-1434] Device xc7a35t (JTAG device index = 0) is programmed with a design that has no supported debug core(s) in it.
ERROR: [Labtoolstcl 44-513] HW Target shutdown. Closing target: localhost:3121/xilinx_tcf/Digilent/210183AF2A53A
close_sim
INFO: [Simtcl 6-16] Simulation closed
exit
INFO: [Common 17-206] Exiting Vivado at Fri Dec 10 21:06:24 2021...
